*------------------------------------------------------------*
* Report Log
Date:                April 24, 2020
Time:                19:25:43
*------------------------------------------------------------*
12007  *------------------------------------------------------------*;
12008  * Part: Computing statistics for class target variables;
12009  *------------------------------------------------------------*;
12010  ods listing close;
12011  ods output onewayfreqs=WORK.TEMPFREQ;
12012  proc freq data = EMWS3.Ids_DATA order=formatted addnames;
12013  table RESPOND / missing;
12014  run;

NOTE: View EMWS3.IDS_DATA.VIEW used (Total process time):
      real time           0.06 seconds
      cpu time            0.04 seconds
      
NOTE: There were 48356 observations read from the data set DATA.CATALOG2010.
NOTE: The data set WORK.TEMPFREQ has 2 observations and 8 variables.
NOTE: There were 48356 observations read from the data set EMWS3.IDS_DATA.
NOTE: PROCEDURE FREQ used (Total process time):
      real time           0.06 seconds
      cpu time            0.04 seconds
      

12015  quit;
12016  ods listing;
12017  data WORK.Part_BAR(keep=_VARIABLE_ TYPE COUNT PERCENT _X_ _XLABEL_);
12018  label _VARIABLE_ = "%sysfunc(sasmsg(sashelp.dmine, rpt_variable_vlabel, NOQUOTE))" Type = "%sysfunc(sasmsg(sashelp.dmine, rpt_type_vlabel,         NOQUOTE))" _X_ = "%sysfunc(sasmsg(sashelp.dmine, rpt_numValue_vlabel, NOQUOTE))" _XLABEL_ =
12019     "%sysfunc(sasmsg(sashelp.dmine, rpt_fmtValue_vlabel ,    NOQUOTE))" COUNT = "%sysfunc(sasmsg(sashelp.dmine, rpt_count_vlabel,        NOQUOTE))" PERCENT = "%sysfunc(sasmsg(sashelp.dmine, rpt_percent_vlabel,      NOQUOTE))";
12020  dsid = open("WORK.TEMPFREQ");
12021  varnum = varnum(dsid, 'VARIABLE');
12022  freqnum = varnum(dsid, 'FREQUENCY');
12023  pvarnum = varnum(dsid, 'PERCENT');
12024  typenum = varnum(dsid, '_TYPE_');
12025  length _VARIABLE_ $32 TYPE $1 _XLABEL_ $32;
12026  do while(^fetch(dsid));
12027  _VARIABLE_ = strip(getvarc(dsid, varnum));
12028  count = getvarn(dsid, freqnum);
12029  percent= getvarn(dsid, pvarnum);
12030  vvarnum = varnum(dsid, _VARIABLE_);
12031  type = vartype(dsid, vvarnum);
12032  fvarnum = varnum(dsid, 'F_'!!substr(_VARIABLE_, 1, 30));
12033  _XLABEL_ = left(getvarc(dsid, fvarnum));
12034  _X_ = .;
12035  if TYPE eq 'N' then _X_ = getvarn(dsid, vvarnum);
12036  output;
12037  end;
12038  dsid = close(dsid);
12039  run;

NOTE: The data set WORK.PART_BAR has 2 observations and 6 variables.
NOTE: DATA statement used (Total process time):
      real time           0.01 seconds
      cpu time            0.01 seconds
      

12040  proc sort data=WORK.Part_BAR NOTHREADS;
12041  by _VARIABLE_;
12042  run;

NOTE: There were 2 observations read from the data set WORK.PART_BAR.
NOTE: The data set WORK.PART_BAR has 2 observations and 6 variables.
NOTE: PROCEDURE SORT used (Total process time):
      real time           0.00 seconds
      cpu time            0.00 seconds
      

12043  proc sort data=WORK.M1INDVRD;
12044  by Name;
12045  run;

NOTE: There were 1 observations read from the data set WORK.M1INDVRD.
NOTE: The data set WORK.M1INDVRD has 1 observations and 21 variables.
NOTE: PROCEDURE SORT used (Total process time):
      real time           0.00 seconds
      cpu time            0.00 seconds
      

12046  data WORK.Part_BAR;
12047  merge WORK.Part_BAR(in=_a) WORK.M1INDVRD(keep=Name Label Role rename=(Name=_Variable_ Label=_Label_));
12048  by _Variable_;
12049  label Role = "%sysfunc(sasmsg(sashelp.dmine, meta_role_vlabel ,  NOQUOTE))";
12050  label Label = "%sysfunc(sasmsg(sashelp.dmine, meta_label_vlabel , NOQUOTE))";
12051  if _a then output;
12052  run;

NOTE: Variable Label is uninitialized.
WARNING: Multiple lengths were specified for the BY variable _VARIABLE_ by input data sets. This might cause unexpected results.
NOTE: There were 2 observations read from the data set WORK.PART_BAR.
NOTE: There were 1 observations read from the data set WORK.M1INDVRD.
NOTE: The data set WORK.PART_BAR has 2 observations and 8 variables.
NOTE: DATA statement used (Total process time):
      real time           0.00 seconds
      cpu time            0.00 seconds
      

12053  data EMWS3.Part_CLASS;
12054  length DATA $8;
12055  set WORK.Part_BAR;
12056  DATA = "DATA";
12057  run;

NOTE: There were 2 observations read from the data set WORK.PART_BAR.
NOTE: The data set EMWS3.PART_CLASS has 2 observations and 9 variables.
NOTE: DATA statement used (Total process time):
      real time           0.09 seconds
      cpu time            0.01 seconds
      

12058  *------------------------------------------------------------*;
12059  * Part: Computing statistics for interval target variables;
12060  *------------------------------------------------------------*;
12061  *------------------------------------------------------------*;
12062  * Part: Computing statistics for class target variables;
12063  *------------------------------------------------------------*;
12064  ods listing close;
12065  ods output onewayfreqs=WORK.TEMPFREQ;
12066  proc freq data = EMWS3.Part_TRAIN order=formatted addnames;
12067  table RESPOND / missing;
12068  run;

NOTE: The data set WORK.TEMPFREQ has 2 observations and 8 variables.
NOTE: There were 32235 observations read from the data set EMWS3.PART_TRAIN.
NOTE: PROCEDURE FREQ used (Total process time):
      real time           0.39 seconds
      cpu time            0.04 seconds
      

12069  quit;
12070  ods listing;
12071  data WORK.Part_BAR(keep=_VARIABLE_ TYPE COUNT PERCENT _X_ _XLABEL_);
12072  label _VARIABLE_ = "%sysfunc(sasmsg(sashelp.dmine, rpt_variable_vlabel, NOQUOTE))" Type = "%sysfunc(sasmsg(sashelp.dmine, rpt_type_vlabel,         NOQUOTE))" _X_ = "%sysfunc(sasmsg(sashelp.dmine, rpt_numValue_vlabel, NOQUOTE))" _XLABEL_ =
12073     "%sysfunc(sasmsg(sashelp.dmine, rpt_fmtValue_vlabel ,    NOQUOTE))" COUNT = "%sysfunc(sasmsg(sashelp.dmine, rpt_count_vlabel,        NOQUOTE))" PERCENT = "%sysfunc(sasmsg(sashelp.dmine, rpt_percent_vlabel,      NOQUOTE))";
12074  dsid = open("WORK.TEMPFREQ");
12075  varnum = varnum(dsid, 'VARIABLE');
12076  freqnum = varnum(dsid, 'FREQUENCY');
12077  pvarnum = varnum(dsid, 'PERCENT');
12078  typenum = varnum(dsid, '_TYPE_');
12079  length _VARIABLE_ $32 TYPE $1 _XLABEL_ $32;
12080  do while(^fetch(dsid));
12081  _VARIABLE_ = strip(getvarc(dsid, varnum));
12082  count = getvarn(dsid, freqnum);
12083  percent= getvarn(dsid, pvarnum);
12084  vvarnum = varnum(dsid, _VARIABLE_);
12085  type = vartype(dsid, vvarnum);
12086  fvarnum = varnum(dsid, 'F_'!!substr(_VARIABLE_, 1, 30));
12087  _XLABEL_ = left(getvarc(dsid, fvarnum));
12088  _X_ = .;
12089  if TYPE eq 'N' then _X_ = getvarn(dsid, vvarnum);
12090  output;
12091  end;
12092  dsid = close(dsid);
12093  run;

NOTE: The data set WORK.PART_BAR has 2 observations and 6 variables.
NOTE: DATA statement used (Total process time):
      real time           0.01 seconds
      cpu time            0.01 seconds
      

12094  proc sort data=WORK.Part_BAR NOTHREADS;
12095  by _VARIABLE_;
12096  run;

NOTE: There were 2 observations read from the data set WORK.PART_BAR.
NOTE: The data set WORK.PART_BAR has 2 observations and 6 variables.
NOTE: PROCEDURE SORT used (Total process time):
      real time           0.00 seconds
      cpu time            0.00 seconds
      

12097  proc sort data=WORK.M1INDVRD;
12098  by Name;
12099  run;

NOTE: Input data set is already sorted, no sorting done.
NOTE: PROCEDURE SORT used (Total process time):
      real time           0.00 seconds
      cpu time            0.00 seconds
      

12100  data WORK.Part_BAR;
12101  merge WORK.Part_BAR(in=_a) WORK.M1INDVRD(keep=Name Label Role rename=(Name=_Variable_ Label=_Label_));
12102  by _Variable_;
12103  label Role = "%sysfunc(sasmsg(sashelp.dmine, meta_role_vlabel ,  NOQUOTE))";
12104  label Label = "%sysfunc(sasmsg(sashelp.dmine, meta_label_vlabel , NOQUOTE))";
12105  if _a then output;
12106  run;

NOTE: Variable Label is uninitialized.
WARNING: Multiple lengths were specified for the BY variable _VARIABLE_ by input data sets. This might cause unexpected results.
NOTE: There were 2 observations read from the data set WORK.PART_BAR.
NOTE: There were 1 observations read from the data set WORK.M1INDVRD.
NOTE: The data set WORK.PART_BAR has 2 observations and 8 variables.
NOTE: DATA statement used (Total process time):
      real time           0.00 seconds
      cpu time            0.00 seconds
      

12107  data WORK.Part_BAR;
12108  length DATA $8;
12109  set WORK.Part_BAR;
12110  DATA = "TRAIN";
12111  run;

NOTE: There were 2 observations read from the data set WORK.PART_BAR.
NOTE: The data set WORK.PART_BAR has 2 observations and 9 variables.
NOTE: DATA statement used (Total process time):
      real time           0.00 seconds
      cpu time            0.00 seconds
      

12112  data EMWS3.Part_CLASS;
12113  set EMWS3.Part_CLASS WORK.Part_BAR;
12114  run;

NOTE: There were 2 observations read from the data set EMWS3.PART_CLASS.
NOTE: There were 2 observations read from the data set WORK.PART_BAR.
NOTE: The data set EMWS3.PART_CLASS has 4 observations and 9 variables.
NOTE: DATA statement used (Total process time):
      real time           0.15 seconds
      cpu time            0.00 seconds
      

12115  *------------------------------------------------------------*;
12116  * Part: Computing statistics for interval target variables;
12117  *------------------------------------------------------------*;
12118  *------------------------------------------------------------*;
12119  * Part: Computing statistics for class target variables;
12120  *------------------------------------------------------------*;
12121  ods listing close;
12122  ods output onewayfreqs=WORK.TEMPFREQ;
12123  proc freq data = EMWS3.Part_VALIDATE order=formatted addnames;
12124  table RESPOND / missing;
12125  run;

NOTE: The data set WORK.TEMPFREQ has 2 observations and 8 variables.
NOTE: There were 16121 observations read from the data set EMWS3.PART_VALIDATE.
NOTE: PROCEDURE FREQ used (Total process time):
      real time           0.26 seconds
      cpu time            0.00 seconds
      

12126  quit;
12127  ods listing;
12128  data WORK.Part_BAR(keep=_VARIABLE_ TYPE COUNT PERCENT _X_ _XLABEL_);
12129  label _VARIABLE_ = "%sysfunc(sasmsg(sashelp.dmine, rpt_variable_vlabel, NOQUOTE))" Type = "%sysfunc(sasmsg(sashelp.dmine, rpt_type_vlabel,         NOQUOTE))" _X_ = "%sysfunc(sasmsg(sashelp.dmine, rpt_numValue_vlabel, NOQUOTE))" _XLABEL_ =
12130     "%sysfunc(sasmsg(sashelp.dmine, rpt_fmtValue_vlabel ,    NOQUOTE))" COUNT = "%sysfunc(sasmsg(sashelp.dmine, rpt_count_vlabel,        NOQUOTE))" PERCENT = "%sysfunc(sasmsg(sashelp.dmine, rpt_percent_vlabel,      NOQUOTE))";
12131  dsid = open("WORK.TEMPFREQ");
12132  varnum = varnum(dsid, 'VARIABLE');
12133  freqnum = varnum(dsid, 'FREQUENCY');
12134  pvarnum = varnum(dsid, 'PERCENT');
12135  typenum = varnum(dsid, '_TYPE_');
12136  length _VARIABLE_ $32 TYPE $1 _XLABEL_ $32;
12137  do while(^fetch(dsid));
12138  _VARIABLE_ = strip(getvarc(dsid, varnum));
12139  count = getvarn(dsid, freqnum);
12140  percent= getvarn(dsid, pvarnum);
12141  vvarnum = varnum(dsid, _VARIABLE_);
12142  type = vartype(dsid, vvarnum);
12143  fvarnum = varnum(dsid, 'F_'!!substr(_VARIABLE_, 1, 30));
12144  _XLABEL_ = left(getvarc(dsid, fvarnum));
12145  _X_ = .;
12146  if TYPE eq 'N' then _X_ = getvarn(dsid, vvarnum);
12147  output;
12148  end;
12149  dsid = close(dsid);
12150  run;

NOTE: The data set WORK.PART_BAR has 2 observations and 6 variables.
NOTE: DATA statement used (Total process time):
      real time           0.00 seconds
      cpu time            0.00 seconds
      

12151  proc sort data=WORK.Part_BAR NOTHREADS;
12152  by _VARIABLE_;
12153  run;

NOTE: There were 2 observations read from the data set WORK.PART_BAR.
NOTE: The data set WORK.PART_BAR has 2 observations and 6 variables.
NOTE: PROCEDURE SORT used (Total process time):
      real time           0.00 seconds
      cpu time            0.00 seconds
      

12154  proc sort data=WORK.M1INDVRD;
12155  by Name;
12156  run;

NOTE: Input data set is already sorted, no sorting done.
NOTE: PROCEDURE SORT used (Total process time):
      real time           0.00 seconds
      cpu time            0.00 seconds
      

12157  data WORK.Part_BAR;
12158  merge WORK.Part_BAR(in=_a) WORK.M1INDVRD(keep=Name Label Role rename=(Name=_Variable_ Label=_Label_));
12159  by _Variable_;
12160  label Role = "%sysfunc(sasmsg(sashelp.dmine, meta_role_vlabel ,  NOQUOTE))";
12161  label Label = "%sysfunc(sasmsg(sashelp.dmine, meta_label_vlabel , NOQUOTE))";
12162  if _a then output;
12163  run;

NOTE: Variable Label is uninitialized.
WARNING: Multiple lengths were specified for the BY variable _VARIABLE_ by input data sets. This might cause unexpected results.
NOTE: There were 2 observations read from the data set WORK.PART_BAR.
NOTE: There were 1 observations read from the data set WORK.M1INDVRD.
NOTE: The data set WORK.PART_BAR has 2 observations and 8 variables.
NOTE: DATA statement used (Total process time):
      real time           0.00 seconds
      cpu time            0.00 seconds
      

12164  data WORK.Part_BAR;
12165  length DATA $8;
12166  set WORK.Part_BAR;
12167  DATA = "VALIDATE";
12168  run;

NOTE: There were 2 observations read from the data set WORK.PART_BAR.
NOTE: The data set WORK.PART_BAR has 2 observations and 9 variables.
NOTE: DATA statement used (Total process time):
      real time           0.00 seconds
      cpu time            0.00 seconds
      

12169  data EMWS3.Part_CLASS;
12170  set EMWS3.Part_CLASS WORK.Part_BAR;
12171  run;

NOTE: There were 4 observations read from the data set EMWS3.PART_CLASS.
NOTE: There were 2 observations read from the data set WORK.PART_BAR.
NOTE: The data set EMWS3.PART_CLASS has 6 observations and 9 variables.
NOTE: DATA statement used (Total process time):
      real time           0.20 seconds
      cpu time            0.01 seconds
      

12172  *------------------------------------------------------------*;
12173  * Part: Computing statistics for interval target variables;
12174  *------------------------------------------------------------*;
12175  data EMWS3.Part_CLASS(rename=(_VARIABLE_=VARIABLE _X_=VALUE _XLABEL_=FORMATTEDVALUE));
12176  label DATA = "%sysfunc(sasmsg(sashelp.dmine, rpt_data_vlabel ,   NOQUOTE))";
12177  set EMWS3.Part_CLASS;
12178  drop type role;
12179  run;

NOTE: There were 6 observations read from the data set EMWS3.PART_CLASS.
NOTE: The data set EMWS3.PART_CLASS has 6 observations and 7 variables.
NOTE: DATA statement used (Total process time):
      real time           0.15 seconds
      cpu time            0.03 seconds
      

12180  proc sort data=EMWS3.Part_CLASS NOTHREADS;
12181  by DATA;
12182  run;

NOTE: There were 6 observations read from the data set EMWS3.PART_CLASS.
NOTE: The data set EMWS3.PART_CLASS has 6 observations and 7 variables.
NOTE: PROCEDURE SORT used (Total process time):
      real time           0.12 seconds
      cpu time            0.01 seconds
      

12183  %let _cn = %sysfunc(getoption(CENTER));
12184  %let _nb = %sysfunc(getoption(NUMBER));
12185  options nonumber nocenter;
12186  proc print data=EMWS3.Part_CLASS noobs label;
12187  by DATA;
12188  title9 ' ';
12189  title10 "%sysfunc(sasmsg(sashelp.dmine, rpt_classTargetStats_title, NOQUOTE))";
12190  run;

NOTE: There were 6 observations read from the data set EMWS3.PART_CLASS.
NOTE: The PROCEDURE PRINT printed page 3.
NOTE: PROCEDURE PRINT used (Total process time):
      real time           0.01 seconds
      cpu time            0.00 seconds
      

12191  title10;
12192  options &_cn &_nb;

