*------------------------------------------------------------*
* Score Log
Date:                April 25, 2020
Time:                17:24:08
*------------------------------------------------------------*
11898  proc sort data=EMWS5.Trans2_RESULT out=WORK.Trans2RESULT NOTHREADS;
11899  by INPUTNAME;
11900  run;

NOTE: There were 3 observations read from the data set EMWS5.TRANS2_RESULT.
NOTE: The data set WORK.TRANS2RESULT has 3 observations and 11 variables.
NOTE: PROCEDURE SORT used (Total process time):
      real time           0.00 seconds
      cpu time            0.00 seconds
      

11901  proc sort data=EMWS5.Trans2_VariableSet(KEEP= NAME FAMILY REPORT rename=(NAME=INPUTNAME)) out=WORK.Trans2VARSET NOTHREADS;
11902  by INPUTNAME;
11903  run;

NOTE: There were 28 observations read from the data set EMWS5.TRANS2_VARIABLESET.
NOTE: The data set WORK.TRANS2VARSET has 28 observations and 3 variables.
NOTE: PROCEDURE SORT used (Total process time):
      real time           0.01 seconds
      cpu time            0.01 seconds
      

11904  data WORK.Trans2RESULT;
11905  merge WORK.Trans2RESULT WORK.Trans2VARSET;
11906  by INPUTNAME;
11907  if NAME ne '' then output;
11908  run;

WARNING: Multiple lengths were specified for the BY variable INPUTNAME by input data sets. This might cause unexpected results.
NOTE: There were 3 observations read from the data set WORK.TRANS2RESULT.
NOTE: There were 28 observations read from the data set WORK.TRANS2VARSET.
NOTE: The data set WORK.TRANS2RESULT has 3 observations and 13 variables.
NOTE: DATA statement used (Total process time):
      real time           0.00 seconds
      cpu time            0.00 seconds
      

11909  filename _code "\\apporto.com\dfs\UNCC\Users\skokse_uncc\Desktop\BIA-PROJECT\Predictive Analysis\Workspaces\EMWS5\Trans2\TRAINDELTACODE.sas";
11910  data _null_;
11911  set WORK.Trans2RESULT;
11912  length String $200;
11913  file _code;
11914  String = 'if NAME="'!!strip(name)!!'" then do;';
11915  put / String;
11916  if family ne '' then do;
11917  String = '   FAMILY ="'!!strip(family)!!'";';
11918  put String;
11919  end;
11920  select(formula);
11921  when('Interaction') put '   FAMILY  ="INTERACTION";';
11922  when('') put '   COMMENT = "' method 'transformation of ' INPUTVAR '";';
11923  otherwise put '   COMMENT = "' formula '";';
11924  end;
11925  String = '   ROLE ="'!!strip(role)!!'";';
11926  put String;
11927  if REPORT="" then REPORT = "N";
11928  String = '   REPORT ="'!!strip(report)!!'";';
11929  put String;
11930  String = '   LEVEL  ="'!!strip(level)!!'";';
11931  put String;
11932  put 'end;';
11933  if formula ne 'Interaction' and INPUTNAME ne '' then do;
11934  String = 'if NAME="'!!strip(INPUTNAME)!!'" then delete;';
11935  put String;
11936  end;
11937  run;

NOTE: Variable method is uninitialized.
NOTE: Variable INPUTVAR is uninitialized.
NOTE: The file _CODE is:
      Filename=\\apporto.com\dfs\UNCC\Users\skokse_uncc\Desktop\BIA-PROJECT\Predictive Analysis\Workspaces\EMWS5\Trans2\TRAINDELTACODE.sas,
      RECFM=V,LRECL=32767,File Size (bytes)=0,
      Last Modified=25Apr2020:17:24:07,
      Create Time=25Apr2020:16:51:52

NOTE: 24 records were written to the file _CODE.
      The minimum record length was 0.
      The maximum record length was 40.
NOTE: There were 3 observations read from the data set WORK.TRANS2RESULT.
NOTE: DATA statement used (Total process time):
      real time           0.01 seconds
      cpu time            0.00 seconds
      

11938  filename _code;
NOTE: Fileref _CODE has been deassigned.

11939  filename emflow "\\apporto.com\dfs\UNCC\Users\skokse_uncc\Desktop\BIA-PROJECT\Predictive Analysis\Workspaces\EMWS5\Trans2\EMFLOWSCORE.sas";
11940  *------------------------------------------------------------*;
11941  * Trans2: Scoring DATA data;
11942  *------------------------------------------------------------*;
11943  data EMWS5.Trans2_TRAIN
11944  / view=EMWS5.Trans2_TRAIN
11945  ;
11946  set EMWS5.Trans_TRAIN
11947  ;
11948  %inc emflow;
12006  run;

NOTE: DATA STEP view saved on file EMWS5.TRANS2_TRAIN.
NOTE: A stored DATA STEP view cannot run under a different operating system.
NOTE: View EMWS5.TRANS_TRAIN.VIEW used (Total process time):
      real time           0.18 seconds
      cpu time            0.04 seconds
      
NOTE: DATA statement used (Total process time):
      real time           0.20 seconds
      cpu time            0.06 seconds
      

12007  quit;
12008  filename emflow;
NOTE: Fileref EMFLOW has been deassigned.

12009  *------------------------------------------------------------*;
12010  * Trans2: Computing metadata for TRAIN data;
12011  *------------------------------------------------------------*;

NOTE: View EMWS5.TRANS2_TRAIN.VIEW used (Total process time):
      real time           0.06 seconds
      cpu time            0.06 seconds
      
NOTE: View EMWS5.TRANS2_TRAIN.VIEW used (Total process time):
      real time           0.06 seconds
      cpu time            0.06 seconds
      
