*------------------------------------------------------------*
* Training Log
Date:                April 25, 2020
Time:                16:44:47
*------------------------------------------------------------*
11424  proc freq data=EMWS5.Trans_VariableSet noprint;
11425  table ROLE*LEVEL/out=WORK.TransMETA;
11426  run;

NOTE: There were 27 observations read from the data set EMWS5.TRANS_VARIABLESET.
NOTE: The data set WORK.TRANSMETA has 5 observations and 4 variables.
NOTE: PROCEDURE FREQ used (Total process time):
      real time           0.02 seconds
      cpu time            0.01 seconds
      

11427  proc print data=WORK.TransMETA label noobs;
11428  var ROLE LEVEL COUNT;
11429  label ROLE = "%sysfunc(sasmsg(sashelp.dmine, meta_role_vlabel, NOQUOTE))" LEVEL = "%sysfunc(sasmsg(sashelp.dmine, meta_level_vlabel, NOQUOTE))" COUNT = "%sysfunc(sasmsg(sashelp.dmine, rpt_count_vlabel, NOQUOTE))";
11430  title9 ' ';
11431  title10 "%sysfunc(sasmsg(sashelp.dmine, rpt_varSummary_title  , NOQUOTE))";
11432  run;

NOTE: There were 5 observations read from the data set WORK.TRANSMETA.
NOTE: The PROCEDURE PRINT printed page 1.
NOTE: PROCEDURE PRINT used (Total process time):
      real time           0.01 seconds
      cpu time            0.01 seconds
      

11433  title10;

11434  data WORK.M01EY4LC;
11435  set WORK.M01EY4LC;
11436  if (METHOD='NONE' and ROLE ne 'FREQ') or (role = 'REJECTED' and METHOD = 'DEFAULT') then delete;
11437  run;

NOTE: There were 27 observations read from the data set WORK.M01EY4LC.
NOTE: The data set WORK.M01EY4LC has 26 observations and 22 variables.
NOTE: DATA statement used (Total process time):
      real time           0.00 seconds
      cpu time            0.00 seconds
      

NOTE: View EMWS5.IDS_DATA.VIEW used (Total process time):
      real time           0.12 seconds
      cpu time            0.01 seconds
      
NOTE: There were 9686 observations read from the data set DATA.PVA97NK.
11502  *------------------------------------------------------------*;
11503  * Trans: Computing Summary Statistics;
11504  *------------------------------------------------------------*;
11505  data WORK.M2J95OWY;
11506  set WORK.M2J95OWY;
11507  if (role = 'REJECTED') then role = 'INPUT';
11508  run;

NOTE: There were 26 observations read from the data set WORK.M2J95OWY.
NOTE: The data set WORK.M2J95OWY has 26 observations and 22 variables.
NOTE: DATA statement used (Total process time):
      real time           0.00 seconds
      cpu time            0.00 seconds
      

11509  *------------------------------------------------------------* ;
11510  * EM: DMDBClass Macro ;
11511  *------------------------------------------------------------* ;
11512  %macro DMDBClass;
11513      DemCluster(ASC) DemGender(ASC) DemHomeOwner(ASC) StatusCat96NK(ASC)
11514     StatusCatStarAll(ASC) TargetB(DESC)
11515  %mend DMDBClass;
11516  *------------------------------------------------------------* ;
11517  * EM: DMDBVar Macro ;
11518  *------------------------------------------------------------* ;
11519  %macro DMDBVar;
11520      DemAge DemMedHomeValue DemMedIncome DemPctVeterans GiftAvg36 GiftAvgAll
11521     GiftAvgCard36 GiftAvgLast GiftCnt36 GiftCntAll GiftCntCard36 GiftCntCardAll
11522     GiftTimeFirst GiftTimeLast PromCnt12 PromCnt36 PromCntAll PromCntCard12
11523     PromCntCard36 PromCntCardAll
11524  %mend DMDBVar;
11525  *------------------------------------------------------------*;
11526  * EM: Create DMDB;
11527  *------------------------------------------------------------*;
11528  proc dmdb batch data=EMWS5.Ids_DATA
11529  dmdbcat=WORK.EM_DMDB
11530  classout=WORK.Transclassout
11531  maxlevel = 513
11532  ;
11533  class %DMDBClass;
11534  var %DMDBVar;
11535  target
11536  TargetB
11537  ;
11538  run;

NOTE: Records processed = 9686   Memory used = 511K.
NOTE: View EMWS5.IDS_DATA.VIEW used (Total process time):
      real time           0.05 seconds
      cpu time            0.04 seconds
      
NOTE: There were 9686 observations read from the data set DATA.PVA97NK.
NOTE: There were 9686 observations read from the data set EMWS5.IDS_DATA.
NOTE: The data set WORK.TRANSCLASSOUT has 69 observations and 9 variables.
NOTE: PROCEDURE DMDB used (Total process time):
      real time           0.06 seconds
      cpu time            0.04 seconds
      

11539  quit;
11540  *--- end code ---*;

11541  data WORK.TransINTERVALMETA;
11542  set WORK.M01EY4LC;
11543  if LEVEL ne 'INTERVAL' then delete;
11544  run;

NOTE: There were 26 observations read from the data set WORK.M01EY4LC.
NOTE: The data set WORK.TRANSINTERVALMETA has 20 observations and 22 variables.
NOTE: DATA statement used (Total process time):
      real time           0.00 seconds
      cpu time            0.00 seconds
      

11545  *------------------------------------------------------------*;
11546  * Trans: Determining Variables to Scale;
11547  *------------------------------------------------------------*;
11548  data WORK.M12CI_82;
11549  set WORK.M12CI_82;
11550  where (TYPE="N" and (METHOD in("MAX_NORM", "MAX_CORR", "EQUALIZE", "OP_MAX_NORM", "OP_EQUALIZE"))) or (ROLE eq "FREQ");
11551  run;

NOTE: There were 0 observations read from the data set WORK.M12CI_82.
      WHERE ((TYPE='N') and METHOD in ('EQUALIZE', 'MAX_CORR', 'MAX_NORM', 'OP_EQUALIZE', 'OP_MAX_NORM')) or (ROLE='FREQ');
NOTE: The data set WORK.M12CI_82 has 0 observations and 22 variables.
NOTE: DATA statement used (Total process time):
      real time           0.00 seconds
      cpu time            0.00 seconds
      

NOTE: View EMWS5.IDS_DATA.VIEW used (Total process time):
      real time           0.16 seconds
      cpu time            0.17 seconds
      
