*------------------------------------------------------------*
* Training Log
Date:                April 24, 2020
Time:                19:01:37
*------------------------------------------------------------*
11424  proc freq data=EMWS2.Trans3_VariableSet noprint;
11425  table ROLE*LEVEL/out=WORK.Trans3META;
11426  run;

NOTE: There were 97 observations read from the data set EMWS2.TRANS3_VARIABLESET.
NOTE: The data set WORK.TRANS3META has 7 observations and 4 variables.
NOTE: PROCEDURE FREQ used (Total process time):
      real time           0.01 seconds
      cpu time            0.01 seconds
      

11427  proc print data=WORK.Trans3META label noobs;
11428  var ROLE LEVEL COUNT;
11429  label ROLE = "%sysfunc(sasmsg(sashelp.dmine, meta_role_vlabel, NOQUOTE))" LEVEL = "%sysfunc(sasmsg(sashelp.dmine, meta_level_vlabel, NOQUOTE))" COUNT = "%sysfunc(sasmsg(sashelp.dmine, rpt_count_vlabel, NOQUOTE))";
11430  title9 ' ';
11431  title10 "%sysfunc(sasmsg(sashelp.dmine, rpt_varSummary_title  , NOQUOTE))";
11432  run;

NOTE: There were 7 observations read from the data set WORK.TRANS3META.
NOTE: The PROCEDURE PRINT printed page 1.
NOTE: PROCEDURE PRINT used (Total process time):
      real time           0.01 seconds
      cpu time            0.01 seconds
      

11433  title10;

11434  data WORK.M3P3GHHL;
11435  set WORK.M3P3GHHL;
11436  if (METHOD='NONE' and ROLE ne 'FREQ') or (role = 'REJECTED' and METHOD = 'DEFAULT') then delete;
11437  run;

NOTE: There were 97 observations read from the data set WORK.M3P3GHHL.
NOTE: The data set WORK.M3P3GHHL has 92 observations and 22 variables.
NOTE: DATA statement used (Total process time):
      real time           0.00 seconds
      cpu time            0.00 seconds
      

NOTE: There were 48356 observations read from the data set DATA.CATALOG2010.
NOTE: There were 48356 observations read from the data set EMWS2.IDS_DATA.
NOTE: View EMWS2.TRANS2_TRAIN.VIEW used (Total process time):
      real time           1.03 seconds
      cpu time            0.09 seconds
      
NOTE: There were 48356 observations read from the data set EMWS2.TRANS_TRAIN.
11502  *------------------------------------------------------------*;
11503  * Trans: Computing Summary Statistics;
11504  *------------------------------------------------------------*;
11505  data WORK.M17BTUY0;
11506  set WORK.M17BTUY0;
11507  if (role = 'REJECTED') then role = 'INPUT';
11508  run;

NOTE: There were 92 observations read from the data set WORK.M17BTUY0.
NOTE: The data set WORK.M17BTUY0 has 92 observations and 22 variables.
NOTE: DATA statement used (Total process time):
      real time           0.00 seconds
      cpu time            0.00 seconds
      

11509  *------------------------------------------------------------* ;
11510  * EM: DMDBClass Macro ;
11511  *------------------------------------------------------------* ;
11512  %macro DMDBClass;
11513      BOTHPAYM(ASC) CCPAYM(ASC) METHPAYM(ASC) PCPAYM(ASC) PCTL_DAYLAST_REV(ASC)
11514     PCTL_DOLL24(ASC) PCTL_FREQPRCH(ASC) RESPOND(DESC)
11515  %mend DMDBClass;
11516  *------------------------------------------------------------* ;
11517  * EM: DMDBVar Macro ;
11518  *------------------------------------------------------------* ;
11519  %macro DMDBVar;
11520      ACTBUY BUYPROP CATALOGCNT DEPT01 DEPT02 DEPT03 DEPT04 DEPT05 DEPT06 DEPT07
11521     DEPT08 DEPT09 DEPT10 DEPT11 DEPT12 DEPT13 DEPT14 DEPT15 DEPT16 DEPT17 DEPT18
11522     DEPT19 DEPT20 DEPT21 DEPT22 DEPT23 DEPT24 DEPT25 DEPT26 DEPT27 DOLINDEA
11523     DOLINDET DOLLARQ01 DOLLARQ02 DOLLARQ03 DOLLARQ04 DOLLARQ05 DOLLARQ06 DOLLARQ07
11524     DOLLARQ08 DOLLARQ09 DOLLARQ10 DOLLARQ11 DOLLARQ12 DOLLARQ13 DOLLARQ14 DOLLARQ15
11525     DOLLARQ16 DOLLARQ17 DOLLARQ18 DOLLARQ19 DOLLARQ20 DOLLARQ21 DOLLARQ22 DOLNETDA
11526     DOLNETDT MONLAST ORDERSIZE TENURE TOTORDQ01 TOTORDQ02 TOTORDQ03 TOTORDQ04
11527     TOTORDQ05 TOTORDQ06 TOTORDQ07 TOTORDQ08 TOTORDQ09 TOTORDQ10 TOTORDQ11 TOTORDQ12
11528     TOTORDQ13 TOTORDQ14 TOTORDQ15 TOTORDQ16 TOTORDQ17 TOTORDQ18 TOTORDQ19 TOTORDQ20
11529     TOTORDQ21 TOTORDQ22 UNITSIDD UNITSLAP UNTLANPO
11530  %mend DMDBVar;
11531  *------------------------------------------------------------*;
11532  * EM: Create DMDB;
11533  *------------------------------------------------------------*;
11534  proc dmdb batch data=EMWS2.Trans2_TRAIN
11535  dmdbcat=WORK.EM_DMDB
11536  classout=WORK.Transclassout
11537  maxlevel = 513
11538  ;
11539  class %DMDBClass;
11540  var %DMDBVar;
11541  target
11542  ORDERSIZE
11543  RESPOND
11544  ;
11545  run;

NOTE: Records processed = 48356   Memory used = 511K.
NOTE: There were 48356 observations read from the data set DATA.CATALOG2010.
NOTE: There were 48356 observations read from the data set EMWS2.IDS_DATA.
NOTE: View EMWS2.TRANS2_TRAIN.VIEW used (Total process time):
      real time           0.21 seconds
      cpu time            0.18 seconds
      
NOTE: There were 48356 observations read from the data set EMWS2.TRANS_TRAIN.
NOTE: There were 48356 observations read from the data set EMWS2.TRANS2_TRAIN.
NOTE: The data set WORK.TRANSCLASSOUT has 24 observations and 9 variables.
NOTE: PROCEDURE DMDB used (Total process time):
      real time           0.23 seconds
      cpu time            0.20 seconds
      

11546  quit;
11547  *--- end code ---*;

11548  data WORK.TransINTERVALMETA;
11549  set WORK.M3P3GHHL;
11550  if LEVEL ne 'INTERVAL' then delete;
11551  run;

NOTE: There were 92 observations read from the data set WORK.M3P3GHHL.
NOTE: The data set WORK.TRANSINTERVALMETA has 84 observations and 22 variables.
NOTE: DATA statement used (Total process time):
      real time           0.00 seconds
      cpu time            0.00 seconds
      

11552  *------------------------------------------------------------*;
11553  * Trans: Determining Variables to Scale;
11554  *------------------------------------------------------------*;
11555  data WORK.M3583L99;
11556  set WORK.M3583L99;
11557  where (TYPE="N" and (METHOD in("MAX_NORM", "MAX_CORR", "EQUALIZE", "OP_MAX_NORM", "OP_EQUALIZE"))) or (ROLE eq "FREQ");
11558  run;

NOTE: There were 0 observations read from the data set WORK.M3583L99.
      WHERE ((TYPE='N') and METHOD in ('EQUALIZE', 'MAX_CORR', 'MAX_NORM', 'OP_EQUALIZE', 'OP_MAX_NORM')) or (ROLE='FREQ');
NOTE: The data set WORK.M3583L99 has 0 observations and 22 variables.
NOTE: DATA statement used (Total process time):
      real time           0.00 seconds
      cpu time            0.00 seconds
      

NOTE: View EMWS2.TRANS2_TRAIN.VIEW used (Total process time):
      real time           0.17 seconds
      cpu time            0.17 seconds
      
