*------------------------------------------------------------*
* Score Log
Date:                April 25, 2020
Time:                17:28:42
*------------------------------------------------------------*
11654  proc FCMP NOEXECUTE IMPUTEDDEPS OUTDEPS=WORK._CODEINPUT1;
11655  RFM = substr(PCTL_Rev_GiftTimeLast,1,2)|| substr(PCTL_GiftCntAll,1,2)||substr(PCTL_MonetaryValue,1,2);
11656  run;

NOTE: Dependency structure written to data set WORK._CODEINPUT1.
NOTE: PROCEDURE FCMP used (Total process time):
      real time           0.01 seconds
      cpu time            0.01 seconds
      

11657  quit;

11658  data WORK._CODEINPUT1;
11659  length ROLE $32 LEVEL $8 REPORT $1;
11660  retain _FormulaNum 1 ROLE "INPUT" REPORT "N" LEVEL "INTERVAL";
11661  set WORK._CODEINPUT1(keep=RHS rename=(RHS=INPUTNAME));
11662  run;

NOTE: There were 3 observations read from the data set WORK._CODEINPUT1.
NOTE: The data set WORK._CODEINPUT1 has 3 observations and 5 variables.
NOTE: DATA statement used (Total process time):
      real time           0.00 seconds
      cpu time            0.00 seconds
      

11663  proc sort data=WORK._CODEINPUT1 NODUPKEY;
11664  by INPUTNAME;
11665  run;

NOTE: There were 3 observations read from the data set WORK._CODEINPUT1.
NOTE: 0 observations with duplicate key values were deleted.
NOTE: The data set WORK._CODEINPUT1 has 3 observations and 5 variables.
NOTE: PROCEDURE SORT used (Total process time):
      real time           0.01 seconds
      cpu time            0.01 seconds
      

11666  proc append base=WORK.TRANS_FORMULAVARS data=WORK._CODEINPUT1;
11667  run;

NOTE: Appending WORK._CODEINPUT1 to WORK.TRANS_FORMULAVARS.
NOTE: BASE data set does not exist. DATA file is being copied to BASE file.
NOTE: There were 3 observations read from the data set WORK._CODEINPUT1.
NOTE: The data set WORK.TRANS_FORMULAVARS has 3 observations and 5 variables.
NOTE: PROCEDURE APPEND used (Total process time):
      real time           0.00 seconds
      cpu time            0.00 seconds
      

11668  data WORK.TRANS_FORMULAVARS;
11669  length UNAME $32;
11670  set WORK.TRANS_FORMULAVARS;
11671  UNAME = upcase(INPUTNAME);
11672  run;

NOTE: There were 3 observations read from the data set WORK.TRANS_FORMULAVARS.
NOTE: The data set WORK.TRANS_FORMULAVARS has 3 observations and 6 variables.
NOTE: DATA statement used (Total process time):
      real time           0.00 seconds
      cpu time            0.00 seconds
      

11673  proc sort data=WORK.TRANS_FORMULAVARS;
11674  by UNAME;
11675  run;

NOTE: There were 3 observations read from the data set WORK.TRANS_FORMULAVARS.
NOTE: The data set WORK.TRANS_FORMULAVARS has 3 observations and 6 variables.
NOTE: PROCEDURE SORT used (Total process time):
      real time           0.00 seconds
      cpu time            0.00 seconds
      

11676  data _temp;
11677  set EMWS5.Trans3_VariableSet(keep=NAME LEVEL ROLE TYPE REPORT rename=(NAME=INPUTNAME LEVEL=INPUTLEVEL ROLE=INPUTROLE TYPE=INPUTTYPE REPORT=INPUTREPORT));
11678  length UNAME $32;
11679  UNAME = upcase(INPUTNAME);
11680  run;

NOTE: There were 28 observations read from the data set EMWS5.TRANS3_VARIABLESET.
NOTE: The data set WORK._TEMP has 28 observations and 6 variables.
NOTE: DATA statement used (Total process time):
      real time           0.00 seconds
      cpu time            0.00 seconds
      

11681  proc sort data=_temp;
11682  by UNAME;
11683  run;

NOTE: There were 28 observations read from the data set WORK._TEMP.
NOTE: The data set WORK._TEMP has 28 observations and 6 variables.
NOTE: PROCEDURE SORT used (Total process time):
      real time           0.00 seconds
      cpu time            0.00 seconds
      

11684  data WORK.TRANS_FORMULAVARS;
11685  merge WORK.TRANS_FORMULAVARS(in=_a) _temp(in=_b);
11686  by UNAME;
11687  if _a and _b then output;
11688  run;

NOTE: There were 3 observations read from the data set WORK.TRANS_FORMULAVARS.
NOTE: There were 28 observations read from the data set WORK._TEMP.
NOTE: The data set WORK.TRANS_FORMULAVARS has 3 observations and 10 variables.
NOTE: DATA statement used (Total process time):
      real time           0.01 seconds
      cpu time            0.01 seconds
      

11689  proc sort data=WORK.TRANS_FORMULAVARS;
11690  by _FormulaNum UNAME;
11691  run;

NOTE: There were 3 observations read from the data set WORK.TRANS_FORMULAVARS.
NOTE: The data set WORK.TRANS_FORMULAVARS has 3 observations and 10 variables.
NOTE: PROCEDURE SORT used (Total process time):
      real time           0.01 seconds
      cpu time            0.00 seconds
      

11692  data WORK.TRANS_FORMULAVARS _target(keep=_FormulaNum);
11693  length ROLE $32 REPORT $1;
11694  set WORK.TRANS_FORMULAVARS;
11695  by _FormulaNum;
11696  if INPUTROLE = 'TARGET' then output _target;
11697  if first._FormulaNum then do;
11698  if ^last._FormulaNum then do;
11699  INPUTNAME='';
11700  INPUTROLE='';
11701  INPUTTYPE='';
11702  INPUTREPORT='';
11703  end;
11704  output WORK.TRANS_FORMULAVARS;
11705  end;
11706  run;

NOTE: There were 3 observations read from the data set WORK.TRANS_FORMULAVARS.
NOTE: The data set WORK.TRANS_FORMULAVARS has 1 observations and 10 variables.
NOTE: The data set WORK._TARGET has 0 observations and 1 variables.
NOTE: DATA statement used (Total process time):
      real time           0.00 seconds
      cpu time            0.00 seconds
      

11707  data _temp;
11708  set EMWS5.Trans3_FORMULA;
11709  _FormulaNum = _N_;
11710  run;

NOTE: There were 1 observations read from the data set EMWS5.TRANS3_FORMULA.
NOTE: The data set WORK._TEMP has 1 observations and 18 variables.
NOTE: DATA statement used (Total process time):
      real time           0.00 seconds
      cpu time            0.00 seconds
      

11711  data WORK.TRANS_CODEFORMULA;
11712  length Name $32 Formula $300 Role $32 Level $10 REPORT $1;
11713  label NAME = "%sysfunc(sasmsg(sashelp.dmine, meta_name_vlabel,  NOQUOTE))" FORMULA = "%sysfunc(sasmsg(sashelp.dmine, rpt_formula_vlabel,  NOQUOTE))" ROLE = "%sysfunc(sasmsg(sashelp.dmine, meta_role_vlabel,  NOQUOTE))" LEVEL =
11714     "%sysfunc(sasmsg(sashelp.dmine, meta_level_vlabel,  NOQUOTE))" REPORT = "%sysfunc(sasmsg(sashelp.dmine, meta_report_vlabel,  NOQUOTE))" _targetFlag = "%sysfunc(sasmsg(sashelp.dmine, rpt_targetbased_vlabel,  NOQUOTE))" INPUTNAME =
11715     "%sysfunc(sasmsg(sashelp.dmine, rpt_inputname_vlabel,  NOQUOTE))" INPUTLEVEL = "%sysfunc(sasmsg(sashelp.dmine, rpt_inputlevel_vlabel,  NOQUOTE))" INPUTROLE = "%sysfunc(sasmsg(sashelp.dmine, rpt_inputrole_vlabel,  NOQUOTE))" INPUTTYPE =
11716     "%sysfunc(sasmsg(sashelp.dmine, rpt_inputtype_vlabel,  NOQUOTE))";
11717  drop _FormulaNum UNAME;
11718  _targetFlag = 0;
11719  merge _temp(in=_a) WORK.TRANS_FORMULAVARS(in=_b) _target(in=_c);
11720  by _FormulaNum;
11721  _targetFlag = 0;
11722  if _c then _targetFlag=1;
11723  if INPUT ne '' then if _a and ^_b then delete;
11724  if ROLE = '' then do;
11725  if INPUTROLE = '' then ROLE='INPUT';
11726  else ROLE = INPUTROLE;
11727  end;
11728  if REPORT = '' then do;
11729  if INPUTREPORT = '' then REPORT='N';
11730  else REPORT = INPUTREPORT;
11731  end;
11732  run;

NOTE: Variable INPUT is uninitialized.
NOTE: There were 1 observations read from the data set WORK._TEMP.
NOTE: There were 1 observations read from the data set WORK.TRANS_FORMULAVARS.
NOTE: There were 0 observations read from the data set WORK._TARGET.
NOTE: The data set WORK.TRANS_CODEFORMULA has 1 observations and 24 variables.
NOTE: DATA statement used (Total process time):
      real time           0.03 seconds
      cpu time            0.03 seconds
      

11733  filename _code "\\apporto.com\dfs\UNCC\Users\skokse_uncc\Desktop\BIA-PROJECT\Predictive Analysis\Workspaces\EMWS5\Trans3\FORMULAFLOWCODE.sas";
11734  data _null_;
11735  set WORK.TRANS_CODEFORMULA;
11736  file _code;
11737  if type eq 'C' and length > 0 then do;
11738  put 'length ' name ' $' length ';';
11739  end;
11740  if format ne '' then do;
11741  put 'format ' name format ';';
11742  end;
11743  length deqLabel $202;
11744  if label ne '' then do;
11745  deqlabel = tranwrd(label, '"', '""');
11746  put 'label ' name '="' deqlabel '";';
11747  end;
11748  if name ne '' and formula ne '' then do;
11749  put name '=' formula ';';
11750  end;
11751  run;

NOTE: The file _CODE is:
      Filename=\\apporto.com\dfs\UNCC\Users\skokse_uncc\Desktop\BIA-PROJECT\Predictive Analysis\Workspaces\EMWS5\Trans3\FORMULAFLOWCODE.sas,
      RECFM=V,LRECL=32767,File Size (bytes)=0,
      Last Modified=25Apr2020:17:28:41,
      Create Time=25Apr2020:17:28:41

NOTE: 1 record was written to the file _CODE.
      The minimum record length was 102.
      The maximum record length was 102.
NOTE: There were 1 observations read from the data set WORK.TRANS_CODEFORMULA.
NOTE: DATA statement used (Total process time):
      real time           0.03 seconds
      cpu time            0.01 seconds
      

11752  filename _code;
NOTE: Fileref _CODE has been deassigned.

11753  filename _code "\\apporto.com\dfs\UNCC\Users\skokse_uncc\Desktop\BIA-PROJECT\Predictive Analysis\Workspaces\EMWS5\Trans3\FORMULAPUBLISHCODE.sas";
11754  data _null_;
11755  set WORK.TRANS_CODEFORMULA;
11756  file _code;
11757  if _targetFlag eq 0 then do;
11758  if type eq 'C' and length > 0 then do;
11759  put 'length ' name ' $' length ';';
11760  end;
11761  if format ne '' then do;
11762  put 'format ' name format ';';
11763  end;
11764  length deqLabel $202;
11765  if label ne '' then do;
11766  deqlabel = tranwrd(label, '"', '""');
11767  put 'label ' name '="' deqlabel '";';
11768  end;
11769  if name ne '' and formula ne '' then do;
11770  put name '=' formula ';';
11771  end;
11772  end;
11773  run;

NOTE: The file _CODE is:
      Filename=\\apporto.com\dfs\UNCC\Users\skokse_uncc\Desktop\BIA-PROJECT\Predictive Analysis\Workspaces\EMWS5\Trans3\FORMULAPUBLISHCODE.sas,
      RECFM=V,LRECL=32767,File Size (bytes)=0,
      Last Modified=25Apr2020:17:28:42,
      Create Time=25Apr2020:17:28:42

NOTE: 1 record was written to the file _CODE.
      The minimum record length was 102.
      The maximum record length was 102.
NOTE: There were 1 observations read from the data set WORK.TRANS_CODEFORMULA.
NOTE: DATA statement used (Total process time):
      real time           0.03 seconds
      cpu time            0.01 seconds
      

11774  filename _code;
NOTE: Fileref _CODE has been deassigned.

11775  filename _code "\\apporto.com\dfs\UNCC\Users\skokse_uncc\Desktop\BIA-PROJECT\Predictive Analysis\Workspaces\EMWS5\Trans3\FORMULADELTACODE.sas";
11776  data _null_;
11777  set WORK.TRANS_CODEFORMULA;
11778  file _code;
11779  length String $200;
11780  if ROLE eq '' then ROLE = 'REJECTED';
11781  if REPORT eq '' then REPORT = 'N';
11782  String = 'if NAME="'!!strip(name)!!'" then do;';
11783  put / string;
11784  String = '   ROLE ="'!!strip(role)!!'";';
11785  put string;
11786  String = '   REPORT ="'!!strip(report)!!'";';
11787  put string;
11788  if LEVEL ne '' then do;
11789  String = '   LEVEL ="'!!strip(level)!!'";';
11790  put string;
11791  end;
11792  put 'end;';
11793  if INPUTNAME ne '' then do;
11794  String = 'if NAME="'!!strip(INPUTNAME)!!'" then delete;';
11795  put String;
11796  end;
11797  run;

NOTE: The file _CODE is:
      Filename=\\apporto.com\dfs\UNCC\Users\skokse_uncc\Desktop\BIA-PROJECT\Predictive Analysis\Workspaces\EMWS5\Trans3\FORMULADELTACODE.sas,
      RECFM=V,LRECL=32767,File Size (bytes)=0,
      Last Modified=25Apr2020:17:28:42,
      Create Time=25Apr2020:17:28:42

NOTE: 6 records were written to the file _CODE.
      The minimum record length was 0.
      The maximum record length was 22.
NOTE: There were 1 observations read from the data set WORK.TRANS_CODEFORMULA.
NOTE: DATA statement used (Total process time):
      real time           0.03 seconds
      cpu time            0.01 seconds
      

11798  filename _code;
NOTE: Fileref _CODE has been deassigned.

NOTE: This SAS session is using a registry in WORK.  All changes will be lost at the end of this session.
11799  proc print data = EMWS5.Trans3_FORMULA(obs=500) noobs label;
11800  title9 "%sysfunc(sasmsg(sashelp.dmine, rpt_formulatransformations_title, NOQUOTE))";
11801  title10 "%sysfunc(sasmsg(sashelp.dmine, rpt_maxObsPrinted_title, NOQUOTE))";
11802  var Name ROLE LEVEL FORMULA;
11803  run;

NOTE: There were 1 observations read from the data set EMWS5.TRANS3_FORMULA.
NOTE: The PROCEDURE PRINT printed page 2.
NOTE: PROCEDURE PRINT used (Total process time):
      real time           0.00 seconds
      cpu time            0.00 seconds
      

11804  title9;
11805  title10;

11806  filename emflow "\\apporto.com\dfs\UNCC\Users\skokse_uncc\Desktop\BIA-PROJECT\Predictive Analysis\Workspaces\EMWS5\Trans3\EMFLOWSCORE.sas";
11807  *------------------------------------------------------------*;
11808  * Trans3: Scoring DATA data;
11809  *------------------------------------------------------------*;
11810  data EMWS5.Trans3_TRAIN
11811  / view=EMWS5.Trans3_TRAIN
11812  ;
11813  set EMWS5.Trans2_TRAIN
11814  ;
11815  %inc emflow;
11820  run;

NOTE: DATA STEP view saved on file EMWS5.TRANS3_TRAIN.
NOTE: A stored DATA STEP view cannot run under a different operating system.
NOTE: View EMWS5.TRANS2_TRAIN.VIEW used (Total process time):
      real time           0.20 seconds
      cpu time            0.06 seconds
      
NOTE: DATA statement used (Total process time):
      real time           0.20 seconds
      cpu time            0.06 seconds
      

11821  quit;
11822  filename emflow;
NOTE: Fileref EMFLOW has been deassigned.

11823  *------------------------------------------------------------*;
11824  * Trans3: Computing metadata for TRAIN data;
11825  *------------------------------------------------------------*;

NOTE: View EMWS5.TRANS3_TRAIN.VIEW used (Total process time):
      real time           0.09 seconds
      cpu time            0.09 seconds
      
NOTE: View EMWS5.TRANS3_TRAIN.VIEW used (Total process time):
      real time           0.07 seconds
      cpu time            0.06 seconds
      
