*------------------------------------------------------------*
* Score Log
Date:                April 25, 2020
Time:                11:52:32
*------------------------------------------------------------*
11847  proc transpose data=EMWS3.Reg_EMESTIMATE out=WORK.TEMPREG;
11848  where _CHOSEN_ ne '' and _TYPE_='PARMS';
11849  run;

NOTE: There were 1 observations read from the data set EMWS3.REG_EMESTIMATE.
      WHERE (_CHOSEN_ not = ' ') and (_TYPE_='PARMS');
NOTE: The data set WORK.TEMPREG has 69 observations and 3 variables.
NOTE: PROCEDURE TRANSPOSE used (Total process time):
      real time           0.00 seconds
      cpu time            0.00 seconds
      

11850  proc transpose data=EMWS3.Reg_MAPDS out=WORK.TEMPREG2(rename=(TARGET=_TARGET_));
11851  var "BOTHPAYM0"n--"UNTLANPO"n;
11852  run;

WARNING: The variable TARGET in the DROP, KEEP, or RENAME list has never been referenced.
NOTE: There were 2 observations read from the data set EMWS3.REG_MAPDS.
NOTE: The data set WORK.TEMPREG2 has 35 observations and 4 variables.
NOTE: PROCEDURE TRANSPOSE used (Total process time):
      real time           0.00 seconds
      cpu time            0.00 seconds
      

11853  proc sort data=WORK.TEMPREG NOTHREADS;
11854  by _NAME_;
11855  run;

NOTE: There were 69 observations read from the data set WORK.TEMPREG.
NOTE: The data set WORK.TEMPREG has 69 observations and 3 variables.
NOTE: PROCEDURE SORT used (Total process time):
      real time           0.00 seconds
      cpu time            0.00 seconds
      

11856  proc sort data=WORK.TEMPREG2 NOTHREADS;
11857  by _NAME_;
11858  run;

NOTE: There were 35 observations read from the data set WORK.TEMPREG2.
NOTE: The data set WORK.TEMPREG2 has 35 observations and 4 variables.
NOTE: PROCEDURE SORT used (Total process time):
      real time           0.00 seconds
      cpu time            0.00 seconds
      

11859  data WORK.TEMPREG3;
11860  merge WORK.TEMPREG(in=ina) WORK.TEMPREG2(in=inb);
11861  by _NAME_;
11862  if (ina and inb) and RESPOND ne . then output;
11863  run;

NOTE: There were 69 observations read from the data set WORK.TEMPREG.
NOTE: There were 35 observations read from the data set WORK.TEMPREG2.
NOTE: The data set WORK.TEMPREG3 has 8 observations and 5 variables.
NOTE: DATA statement used (Total process time):
      real time           0.00 seconds
      cpu time            0.00 seconds
      

11864  data WORK.TEMPREG3(KEEP=TERM);
11865  length term $32;
11866  set WORK.TEMPREG3;
11867  i=1;
11868  do while( scan(input , i, '*') ne '' );
11869  term= scan(input , i, '*');
11870  i=i+1;
11871  output;
11872  end;
11873  run;

NOTE: There were 8 observations read from the data set WORK.TEMPREG3.
NOTE: The data set WORK.TEMPREG3 has 8 observations and 1 variables.
NOTE: DATA statement used (Total process time):
      real time           0.00 seconds
      cpu time            0.00 seconds
      

11874  proc sort data=WORK.TEMPREG3 nodupkey NOTHREADS;
11875  by TERM;
11876  run;

NOTE: There were 8 observations read from the data set WORK.TEMPREG3.
NOTE: 0 observations with duplicate key values were deleted.
NOTE: The data set WORK.TEMPREG3 has 8 observations and 1 variables.
NOTE: PROCEDURE SORT used (Total process time):
      real time           0.01 seconds
      cpu time            0.01 seconds
      

11877  filename emflow "\\apporto.com\dfs\UNCC\Users\skokse_uncc\Desktop\BIA-PROJECT\Predictive Analysis\Workspaces\EMWS3\Reg\EMFLOWSCORE.sas";
11878  *------------------------------------------------------------*;
11879  * Reg: Scoring DATA data;
11880  *------------------------------------------------------------*;
11881  data EMWS3.Reg_TRAIN
11882  / view=EMWS3.Reg_TRAIN
11883  ;
11884  set EMWS3.VarClus_TRAIN
11885  ;
11886  %inc emflow;
12063  run;

NOTE: DATA STEP view saved on file EMWS3.REG_TRAIN.
NOTE: A stored DATA STEP view cannot run under a different operating system.
NOTE: View EMWS3.VARCLUS_TRAIN.VIEW used (Total process time):
      real time           0.16 seconds
      cpu time            0.01 seconds
      
NOTE: DATA statement used (Total process time):
      real time           0.18 seconds
      cpu time            0.04 seconds
      

12064  quit;
12065  filename emflow;
NOTE: Fileref EMFLOW has been deassigned.

12066  filename emflow "\\apporto.com\dfs\UNCC\Users\skokse_uncc\Desktop\BIA-PROJECT\Predictive Analysis\Workspaces\EMWS3\Reg\EMFLOWSCORE.sas";
12067  *------------------------------------------------------------*;
12068  * Reg: Scoring VALIDATE data;
12069  *------------------------------------------------------------*;
12070  data EMWS3.Reg_VALIDATE
12071  / view=EMWS3.Reg_VALIDATE
12072  ;
12073  set EMWS3.VarClus_VALIDATE
12074  ;
12075  %inc emflow;
12252  run;

NOTE: DATA STEP view saved on file EMWS3.REG_VALIDATE.
NOTE: A stored DATA STEP view cannot run under a different operating system.
NOTE: View EMWS3.VARCLUS_VALIDATE.VIEW used (Total process time):
      real time           0.15 seconds
      cpu time            0.06 seconds
      
NOTE: DATA statement used (Total process time):
      real time           0.15 seconds
      cpu time            0.06 seconds
      

12253  quit;
12254  filename emflow;
NOTE: Fileref EMFLOW has been deassigned.

12255  *------------------------------------------------------------*;
12256  * Reg: Computing metadata for TRAIN data;
12257  *------------------------------------------------------------*;

NOTE: View EMWS3.REG_TRAIN.VIEW used (Total process time):
      real time           0.04 seconds
      cpu time            0.03 seconds
      
12618  data EMWS3.Reg_EMINFO;
12619  length TARGET KEY $32 DATA $43;
12620  input TARGET KEY DATA $;
12621  cards;

NOTE: The data set EMWS3.REG_EMINFO has 3 observations and 3 variables.
NOTE: DATA statement used (Total process time):
      real time           0.13 seconds
      cpu time            0.01 seconds
      

12625  run;
12626  proc sort data = EMWS3.Reg_EMINFO NOTHREADS;
12627  by TARGET KEY;
12628  run;

NOTE: There were 3 observations read from the data set EMWS3.REG_EMINFO.
NOTE: The data set EMWS3.REG_EMINFO has 3 observations and 3 variables.
NOTE: PROCEDURE SORT used (Total process time):
      real time           0.18 seconds
      cpu time            0.01 seconds
      

12629  proc sort data = EMWS3.Ids_EMINFO OUT=WORK.SORTEDEMINFO NOTHREADS;
12630  by TARGET KEY;
12631  run;

NOTE: There were 4 observations read from the data set EMWS3.IDS_EMINFO.
NOTE: The data set WORK.SORTEDEMINFO has 4 observations and 3 variables.
NOTE: PROCEDURE SORT used (Total process time):
      real time           0.00 seconds
      cpu time            0.00 seconds
      

12632  proc sort data = EMWS3.Reg_EMINFO OUT=WORK.TEMP_INFO NOTHREADS;
12633  by TARGET KEY;
12634  run;

NOTE: Input data set is already sorted; it has been copied to the output data set.
NOTE: There were 3 observations read from the data set EMWS3.REG_EMINFO.
NOTE: The data set WORK.TEMP_INFO has 3 observations and 3 variables.
NOTE: PROCEDURE SORT used (Total process time):
      real time           0.03 seconds
      cpu time            0.01 seconds
      

12635  data EMWS3.Reg_EMINFO;
12636  merge WORK.SORTEDEMINFO WORK.TEMP_INFO;
12637  by TARGET KEY;
12638  run;

NOTE: There were 4 observations read from the data set WORK.SORTEDEMINFO.
NOTE: There were 3 observations read from the data set WORK.TEMP_INFO.
NOTE: The data set EMWS3.REG_EMINFO has 5 observations and 3 variables.
NOTE: DATA statement used (Total process time):
      real time           0.19 seconds
      cpu time            0.01 seconds
      

12639  proc datasets lib=work nolist;
12640  delete TEMP_INFO SORTEDEMINFO;
12641  run;

NOTE: Deleting WORK.TEMP_INFO (memtype=DATA).
NOTE: Deleting WORK.SORTEDEMINFO (memtype=DATA).
12642  quit;

NOTE: PROCEDURE DATASETS used (Total process time):
      real time           0.00 seconds
      cpu time            0.00 seconds
      

NOTE: View EMWS3.REG_TRAIN.VIEW used (Total process time):
      real time           0.03 seconds
      cpu time            0.04 seconds
      
NOTE: View EMWS3.REG_VALIDATE.VIEW used (Total process time):
      real time           0.04 seconds
      cpu time            0.04 seconds
      
