*------------------------------------------------------------*
* Training Log
Date:                April 25, 2020
Time:                11:52:22
*------------------------------------------------------------*
11424  proc freq data=EMWS3.Reg_VariableSet noprint;
11425  table ROLE*LEVEL/out=WORK.RegMETA;
11426  run;

NOTE: There were 36 observations read from the data set EMWS3.REG_VARIABLESET.
NOTE: The data set WORK.REGMETA has 2 observations and 4 variables.
NOTE: PROCEDURE FREQ used (Total process time):
      real time           0.02 seconds
      cpu time            0.01 seconds
      

11427  proc print data=WORK.RegMETA label noobs;
11428  var ROLE LEVEL COUNT;
11429  label ROLE = "%sysfunc(sasmsg(sashelp.dmine, meta_role_vlabel, NOQUOTE))" LEVEL = "%sysfunc(sasmsg(sashelp.dmine, meta_level_vlabel, NOQUOTE))" COUNT = "%sysfunc(sasmsg(sashelp.dmine, rpt_count_vlabel, NOQUOTE))";
11430  title9 ' ';
11431  title10 "%sysfunc(sasmsg(sashelp.dmine, rpt_varSummary_title  , NOQUOTE))";
11432  run;

NOTE: There were 2 observations read from the data set WORK.REGMETA.
NOTE: The PROCEDURE PRINT printed page 1.
NOTE: PROCEDURE PRINT used (Total process time):
      real time           0.00 seconds
      cpu time            0.00 seconds
      

11433  title10;

11434  %let EMNORLEN = %DMNORLEN;
EMWS3.VarClus_TRAIN EMWS3.VarClus_TRAIN 
EMWS3.VarClus_TRAIN EMWS3.VarClus_TRAIN EMWS3 VarClus_TRAIN 
EMWS3.VarClus_TRAIN EMWS3.VarClus_TRAIN 
EMWS3.VarClus_TRAIN EMWS3.VarClus_TRAIN EMWS3 VarClus_TRAIN 
Executing  SASHELP.EMCORE.EMINFOITERATOR.SCL _INIT >> 
Executing  SASHELP.EMCORE.EMINFOITERATOR.SCL setMetaData >> 
Executing  SASHELP.EMCORE.EMINFOITERATOR.SCL next >> 
Executing  SASHELP.EMCORE.EMINFOITERATOR.SCL next >> 
Executing  SASHELP.EMCORE.EMINFOITERATOR.SCL setMetaData >> 
Executing  SASHELP.EMCORE.EMINFOITERATOR.SCL next >> 
Executing  SASHELP.EMCORE.EMINFOITERATOR.SCL next >> 
Executing  SASHELP.EMCORE.EMINFOITERATOR.SCL _term >> 
11463  data WORK.Reg_EVENT(KEEP=VARIABLE LABEL LEVEL EVENT NUMLEVELS ORDER);
11464  length ORDER $20;
11465  label VARIABLE = "%sysfunc(sasmsg(sashelp.dmine, rpt_target_vlabel,  NOQUOTE))" EVENT = "%sysfunc(sasmsg(sashelp.dmine, assmt_event_vlabel, NOQUOTE))" NUMLEVELS = "%sysfunc(sasmsg(sashelp.dmine, rpt_numcat_vlabel, NOQUOTE))" LEVEL =
11466     "%sysfunc(sasmsg(sashelp.dmine, meta_level_vlabel, NOQUOTE))" ORDER = "%sysfunc(sasmsg(sashelp.dmine, meta_order_vlabel, NOQUOTE))" LABEL = "%sysfunc(sasmsg(sashelp.dmine, meta_label_vlabel, NOQUOTE))";
11467  set EMWS3.IDS_RESPOND_DM( where=(_TYPE_="TARGET"));
11468  NumLevels=2;
11469  select(upcase(ORDER));
11470  when('DESC') ORDER = 'Descending';
11471  when('ASC') ORDER = 'Ascending';
11472  when('FMTDESC') ORDER = 'Formatted Descending';
11473  when('FMTASC') ORDER = 'Formatted Ascending';
11474  otherwise ORDER = 'Descending';
11475  end;
11476  output;
11477  run;

NOTE: There were 1 observations read from the data set EMWS3.IDS_RESPOND_DM.
      WHERE _TYPE_='TARGET';
NOTE: The data set WORK.REG_EVENT has 1 observations and 6 variables.
NOTE: DATA statement used (Total process time):
      real time           0.01 seconds
      cpu time            0.01 seconds
      

11478  title9 ' ';
11479  proc print data=WORK.Reg_EVENT noobs label;
11480  var VARIABLE EVENT LEVEL NUMLEVELS ORDER LABEL;
11481  title9 ' ';
11482  title10 "%sysfunc(sasmsg(sashelp.dmine, rpt_modelEvent_title  , NOQUOTE))";
11483  run;

NOTE: There were 1 observations read from the data set WORK.REG_EVENT.
NOTE: The PROCEDURE PRINT printed page 2.
NOTE: PROCEDURE PRINT used (Total process time):
      real time           0.00 seconds
      cpu time            0.00 seconds
      

11484  title10;

"No decisions defined for target "RESPOND"." 
11485  proc print data = EMWS3.Ids_RESPOND_DM noobs label;
11486  var _type_ variable label;
11487  where _type_ ^in('MATRIX', 'DECISION', 'TRAINPRIOR', 'DATAPRIOR', 'DECPRIOR');
11488  label _TYPE_ = "%sysfunc(sasmsg(sashelp.dmine, rpt_type_vlabel,     NOQUOTE))" VARIABLE = "%sysfunc(sasmsg(sashelp.dmine, rpt_variable_vlabel, NOQUOTE))" LABEL = "%sysfunc(sasmsg(sashelp.dmine, meta_label_vlabel, NOQUOTE))";
11489  title9 ' ';
11490  title10 "%sysfunc(sasmsg(sashelp.dmine, rpt_predDecVars_title  , NOQUOTE))";
11491  run;

NOTE: There were 7 observations read from the data set EMWS3.IDS_RESPOND_DM.
      WHERE _type_ not in ('DATAPRIOR', 'DECISION', 'DECPRIOR', 'MATRIX', 'TRAINPRIOR');
NOTE: The PROCEDURE PRINT printed page 3.
NOTE: PROCEDURE PRINT used (Total process time):
      real time           0.00 seconds
      cpu time            0.00 seconds
      

11492  title10;

11502  data WORK.M36TKN3J;
11503  set WORK.M36TKN3J end=eof;
11504  output;
11505  if eof then do;
11506  NAME="";
11507  ROLE="COST";
11508  LEVEL="INTERVAL";
11509  TYPE="N";
11510  output;
11511  end;
11512  run;

NOTE: There were 36 observations read from the data set WORK.M36TKN3J.
NOTE: The data set WORK.M36TKN3J has 37 observations and 21 variables.
NOTE: DATA statement used (Total process time):
      real time           0.00 seconds
      cpu time            0.00 seconds
      

NOTE: There were 2 observations read from the data set EMWS3.IDS_RESPOND_DD.
NOTE: The data set WORK.RESPOND has 2 observations and 7 variables.
NOTE: There were 2 observations read from the data set EMWS3.IDS_RESPOND_DD.
NOTE: The data set WORK.RESPOND has 2 observations and 7 variables.
11513  *------------------------------------------------------------*;
11514  * Reg: Create decision matrix;
11515  *------------------------------------------------------------*;
11516  data WORK.RESPOND;
11517    length   RESPOND                          $  32
11518             COUNT                                8
11519             DATAPRIOR                            8
11520             TRAINPRIOR                           8
11521             DECPRIOR                             8
11522             DECISION1                            8
11523             DECISION2                            8
11524             ;
11525  
11526    label    COUNT="Level Counts"
11527             DATAPRIOR="Data Proportions"
11528             TRAINPRIOR="Training Proportions"
11529             DECPRIOR="Decision Priors"
11530             DECISION1="1"
11531             DECISION2="0"
11532             ;
11533    format   COUNT 10.
11534             ;
11535  RESPOND="1"; COUNT=2739; DATAPRIOR=0.0566424021838; TRAINPRIOR=0.0566424021838; DECPRIOR=.; DECISION1=1; DECISION2=0;
11536  output;
11537  RESPOND="0"; COUNT=45617; DATAPRIOR=0.94335759781619; TRAINPRIOR=0.94335759781619; DECPRIOR=.; DECISION1=0; DECISION2=1;
11538  output;
11539  ;
11540  run;

NOTE: The data set WORK.RESPOND has 2 observations and 7 variables.
NOTE: DATA statement used (Total process time):
      real time           0.00 seconds
      cpu time            0.00 seconds
      

11541  proc datasets lib=work nolist;
11542  modify RESPOND(type=PROFIT label=RESPOND);
11543  label DECISION1= '1';
11544  label DECISION2= '0';
11545  run;

NOTE: MODIFY was successful for WORK.RESPOND.DATA.
11546  quit;

NOTE: PROCEDURE DATASETS used (Total process time):
      real time           0.00 seconds
      cpu time            0.00 seconds
      

11547  data EM_DMREG / view=EM_DMREG;
11548  set EMWS3.VarClus_TRAIN(keep=
11549  BOTHPAYM0 CATALOGCNT CCPAYM0 DEPT03 DEPT12 DEPT19 DEPT21 DOLINDEA DOLINDET
11550  DOLLARQ02 DOLLARQ03 DOLLARQ04 DOLLARQ08 DOLLARQ09 DOLLARQ10 DOLLARQ16 DOLLARQ17
11551  METHPAYMCK MONLAST RESPOND TENURE TOTORDQ01 TOTORDQ05 TOTORDQ06 TOTORDQ07
11552  TOTORDQ11 TOTORDQ12 TOTORDQ13 TOTORDQ14 TOTORDQ15 TOTORDQ18 TOTORDQ19 TOTORDQ20
11553  TOTORDQ21 TOTORDQ22 UNTLANPO );
11554  run;

NOTE: DATA STEP view saved on file WORK.EM_DMREG.
NOTE: A stored DATA STEP view cannot run under a different operating system.
NOTE: View EMWS3.VARCLUS_TRAIN.VIEW used (Total process time):
      real time           0.03 seconds
      cpu time            0.03 seconds
      
NOTE: DATA statement used (Total process time):
      real time           0.04 seconds
      cpu time            0.04 seconds
      

11555  *------------------------------------------------------------* ;
11556  * Reg: DMDBClass Macro ;
11557  *------------------------------------------------------------* ;
11558  %macro DMDBClass;
11559      RESPOND(DESC)
11560  %mend DMDBClass;
11561  *------------------------------------------------------------* ;
11562  * Reg: DMDBVar Macro ;
11563  *------------------------------------------------------------* ;
11564  %macro DMDBVar;
11565      BOTHPAYM0 CATALOGCNT CCPAYM0 DEPT03 DEPT12 DEPT19 DEPT21 DOLINDEA DOLINDET
11566     DOLLARQ02 DOLLARQ03 DOLLARQ04 DOLLARQ08 DOLLARQ09 DOLLARQ10 DOLLARQ16 DOLLARQ17
11567     METHPAYMCK MONLAST TENURE TOTORDQ01 TOTORDQ05 TOTORDQ06 TOTORDQ07 TOTORDQ11
11568     TOTORDQ12 TOTORDQ13 TOTORDQ14 TOTORDQ15 TOTORDQ18 TOTORDQ19 TOTORDQ20 TOTORDQ21
11569     TOTORDQ22 UNTLANPO
11570  %mend DMDBVar;
11571  *------------------------------------------------------------*;
11572  * Reg: Create DMDB;
11573  *------------------------------------------------------------*;
11574  proc dmdb batch data=WORK.EM_DMREG
11575  dmdbcat=WORK.Reg_DMDB
11576  maxlevel = 513
11577  ;
11578  class %DMDBClass;
11579  var %DMDBVar;
11580  target
11581  RESPOND
11582  ;
11583  run;

NOTE: Records processed = 32235   Memory used = 511K.
NOTE: There were 32235 observations read from the data set EMWS3.PART_TRAIN.
NOTE: View WORK.EM_DMREG.VIEW used (Total process time):
      real time           0.14 seconds
      cpu time            0.12 seconds
      
NOTE: There were 32235 observations read from the data set EMWS3.VARCLUS_TRAIN.
NOTE: There were 32235 observations read from the data set WORK.EM_DMREG.
NOTE: PROCEDURE DMDB used (Total process time):
      real time           0.15 seconds
      cpu time            0.12 seconds
      

11584  quit;
11585  *--- end code ---*;

11586  *------------------------------------------------------------*;
11587  * Reg: Run DMREG procedure;
11588  *------------------------------------------------------------*;
11589  proc dmreg data=EM_DMREG dmdbcat=WORK.Reg_DMDB
11590  validata = EMWS3.VarClus_VALIDATE
11591  outest = EMWS3.Reg_EMESTIMATE
11592  outterms = EMWS3.Reg_OUTTERMS
11593  outmap= EMWS3.Reg_MAPDS namelen=200
11594  ;
11595  class
11596  RESPOND
11597  ;
11598  model RESPOND =
11599  BOTHPAYM0
11600  CATALOGCNT
11601  CCPAYM0
11602  DEPT03
11603  DEPT12
11604  DEPT19
11605  DEPT21
11606  DOLINDEA
11607  DOLINDET
11608  DOLLARQ02
11609  DOLLARQ03
11610  DOLLARQ04
11611  DOLLARQ08
11612  DOLLARQ09
11613  DOLLARQ10
11614  DOLLARQ16
11615  DOLLARQ17
11616  METHPAYMCK
11617  MONLAST
11618  TENURE
11619  TOTORDQ01
11620  TOTORDQ05
11621  TOTORDQ06
11622  TOTORDQ07
11623  TOTORDQ11
11624  TOTORDQ12
11625  TOTORDQ13
11626  TOTORDQ14
11627  TOTORDQ15
11628  TOTORDQ18
11629  TOTORDQ19
11630  TOTORDQ20
11631  TOTORDQ21
11632  TOTORDQ22
11633  UNTLANPO
11634  /error=binomial link=LOGIT
11635  coding=DEVIATION
11636  nodesignprint
11637  selection=FORWARD choose=VERROR
11638  Hierarchy=CLASS
11639  Rule=NONE
11640  ;
11641  ;
11642  code file="\\apporto.com\dfs\UNCC\Users\skokse_uncc\Desktop\BIA-PROJECT\Predictive Analysis\Workspaces\EMWS3\Reg\EMPUBLISHSCORE.sas"
11643  group=Reg
11644  ;
11645  code file="\\apporto.com\dfs\UNCC\Users\skokse_uncc\Desktop\BIA-PROJECT\Predictive Analysis\Workspaces\EMWS3\Reg\EMFLOWSCORE.sas"
11646  group=Reg
11647  residual
11648  ;
11649  run;


NOTE: PROC DMREG is modeling the probability that RESPOND='1'.
NOTE: Convergence criterion (ABSGCONV=0.00001) satisfied.
NOTE: Convergence criterion (GCONV=1E-6) satisfied.
NOTE: Convergence criterion (GCONV=1E-6) satisfied.
NOTE: Convergence criterion (GCONV=1E-6) satisfied.
NOTE: Convergence criterion (GCONV=1E-6) satisfied.
NOTE: Convergence criterion (GCONV=1E-6) satisfied.
NOTE: Convergence criterion (GCONV=1E-6) satisfied.
NOTE: Convergence criterion (GCONV=1E-6) satisfied.
NOTE: Convergence criterion (GCONV=1E-6) satisfied.
NOTE: Convergence criterion (GCONV=1E-6) satisfied.
NOTE: Convergence criterion (GCONV=1E-6) satisfied.
NOTE: At least one element of the gradient is greater than 1e-3.
NOTE: Convergence criterion (GCONV=1E-6) satisfied.
NOTE: At least one element of the gradient is greater than 1e-3.
NOTE: Convergence criterion (GCONV=1E-6) satisfied.
NOTE: At least one element of the gradient is greater than 1e-3.
NOTE: Convergence criterion (GCONV=1E-6) satisfied.
NOTE: At least one element of the gradient is greater than 1e-3.
NOTE: External file \\apporto.com\dfs\UNCC\Users\skokse_uncc\Desktop\BIA-PROJECT\Predictive Analysis\Workspaces\EMWS3\Reg\EMPUBLISHSCORE.sas opened.
NOTE: External file \\apporto.com\dfs\UNCC\Users\skokse_uncc\Desktop\BIA-PROJECT\Predictive Analysis\Workspaces\EMWS3\Reg\EMFLOWSCORE.sas opened.
NOTE: View EMWS3.VARCLUS_VALIDATE.VIEW used (Total process time):
      real time           4.89 seconds
      cpu time            4.21 seconds
      
NOTE: There were 16121 observations read from the data set EMWS3.PART_VALIDATE.
NOTE: There were 32235 observations read from the data set EMWS3.PART_TRAIN.
NOTE: View WORK.EM_DMREG.VIEW used (Total process time):
      real time           4.96 seconds
      cpu time            4.28 seconds
      
NOTE: There were 32235 observations read from the data set EMWS3.VARCLUS_TRAIN.
NOTE: There were 32235 observations read from the data set WORK.EM_DMREG.
NOTE: There were 16121 observations read from the data set EMWS3.VARCLUS_VALIDATE.
NOTE: The data set EMWS3.REG_EMESTIMATE has 45 observations and 72 variables.
NOTE: The data set EMWS3.REG_OUTTERMS has 9 observations and 5 variables.
NOTE: The data set EMWS3.REG_MAPDS has 2 observations and 37 variables.
NOTE: The PROCEDURE DMREG printed pages 4-18.
NOTE: PROCEDURE DMREG used (Total process time):
      real time           5.30 seconds
      cpu time            4.32 seconds
      

11650  quit;

11651  proc datasets lib=WORK nolist;
11652  delete Reg_DMDB;
11653  run;

NOTE: The file WORK.REG_DMDB (memtype=DATA) was not found, but appears on a DELETE statement.
11654  quit;

NOTE: PROCEDURE DATASETS used (Total process time):
      real time           0.00 seconds
      cpu time            0.00 seconds
      

11655  proc datasets lib=WORK nolist;
11656  delete Reg_DMDB / memtype=catalog;
11657  run;

NOTE: Deleting WORK.REG_DMDB (memtype=CATALOG).
11658  quit;

NOTE: PROCEDURE DATASETS used (Total process time):
      real time           0.00 seconds
      cpu time            0.00 seconds
      

11659  data WORK.ESTIMATE;
11660  length _NAME_ $32;
11661  set EMWS3.Reg_EMESTIMATE;
11662  drop _AIC_--_VMISC_
11663  ;
11664  where _CHOSEN_ ne '' and _TYPE_ in('PARMS', 'T', 'P');
11665  drop _STEP_ _CHOSEN_;
11666  select(_TYPE_);
11667  when('PARMS') _NAME_='Coefficient';
11668  when('T') _NAME_='tValue';
11669  when('P') _NAME_='PValue';
11670  otherwise;
11671  end;
11672  run;

NOTE: There were 3 observations read from the data set EMWS3.REG_EMESTIMATE.
      WHERE (_CHOSEN_ not = ' ') and _TYPE_ in ('P', 'PARMS', 'T');
NOTE: The data set WORK.ESTIMATE has 3 observations and 38 variables.
NOTE: DATA statement used (Total process time):
      real time           0.00 seconds
      cpu time            0.00 seconds
      

11673  proc transpose data=WORK.ESTIMATE out=WORK.ESTIMATE(rename=(_NAME_=Effect));
11674  run;

NOTE: There were 3 observations read from the data set WORK.ESTIMATE.
NOTE: The data set WORK.ESTIMATE has 36 observations and 5 variables.
NOTE: PROCEDURE TRANSPOSE used (Total process time):
      real time           0.00 seconds
      cpu time            0.00 seconds
      

11675  proc transpose data=EMWS3.Reg_MAPDS out=WORK.MAP(rename=(_NAME_=Effect INPUT=Variable
11676  ));
11677  var 'BOTHPAYM0'n--'UNTLANPO'n;
11678  run;

NOTE: There were 2 observations read from the data set EMWS3.REG_MAPDS.
NOTE: The data set WORK.MAP has 35 observations and 4 variables.
NOTE: PROCEDURE TRANSPOSE used (Total process time):
      real time           0.01 seconds
      cpu time            0.01 seconds
      

11679  proc sort data=WORK.MAP;
11680  by Effect;
11681  run;

NOTE: There were 35 observations read from the data set WORK.MAP.
NOTE: The data set WORK.MAP has 35 observations and 4 variables.
NOTE: PROCEDURE SORT used (Total process time):
      real time           0.01 seconds
      cpu time            0.00 seconds
      

11682  proc sort data=WORK.ESTIMATE;
11683  by Effect;
11684  run;

NOTE: There were 36 observations read from the data set WORK.ESTIMATE.
NOTE: The data set WORK.ESTIMATE has 36 observations and 5 variables.
NOTE: PROCEDURE SORT used (Total process time):
      real time           0.00 seconds
      cpu time            0.00 seconds
      

11685  data EMWS3.Reg_EFFECTS(rename=(_LABEL_=EffectLabel));
11686  length Variable ClassLevel $32;
11687  merge WORK.ESTIMATE WORK.MAP;
11688  by Effect;
11689  label Effect = "%sysfunc(sasmsg(sashelp.dmine, rpt_effect_vlabel, NOQUOTE))" Variable = "%sysfunc(sasmsg(sashelp.dmine, rpt_variable_vlabel, NOQUOTE))" Sign = "%sysfunc(sasmsg(sashelp.dmine, rpt_sign_vlabel, NOQUOTE))" ClassLevel =
11690     "%sysfunc(sasmsg(sashelp.dmine, rpt_level_vlabel, NOQUOTE))" Abscoefficient = "%sysfunc(sasmsg(sashelp.dmine, rpt_abscoefficient_vlabel, NOQUOTE))" Coefficient = "%sysfunc(sasmsg(sashelp.dmine, rpt_coefficient_vlabel, NOQUOTE))" _LABEL_ =
11691     "%sysfunc(sasmsg(sashelp.dmine, rpt_effectLabel_vlabel, NOQUOTE))" CODE = "%sysfunc(sasmsg(sashelp.dmine, rpt_scorecodevar_vlabel, NOQUOTE))";
11692  label tvalue = "%sysfunc(sasmsg(sashelp.dmine, rpt_tvalue_vlabel,         NOQUOTE))" abstvalue = "%sysfunc(sasmsg(sashelp.dmine, rpt_absoluteTvalue_vlabel, NOQUOTE))" PValue = "%sysfunc(sasmsg(sashelp.dmine, rpt_pvalue_vlabel,         NOQUOTE))";
11693  abstvalue = abs(tValue);
11694  if index(Effect, 'Intercept') then do;
11695  variable = 'Intercept';
11696  classLevel = scan(_LABEL_, 2, '=');
11697  end;
11698  if ^indexc(variable, '*') then do;
11699  if length(effect)>length(variable) then classlevel = substr(Effect, length(variable)+1);
11700  end;
11701  if Effect eq '' then Effect = Variable;
11702  if coefficient < 0 then sign = '-';
11703  else sign = '+';
11704  abscoefficient = abs(coefficient);
11705  if _LABEL_ = '' then _LABEL_ = Effect;
11706  if coefficient ne . then output;
11707  run;

NOTE: Missing values were generated as a result of performing an operation on missing values.
      Each place is given by: (Number of times) at (Line):(Column).
      27 at 11693:13   27 at 11704:18   
NOTE: There were 36 observations read from the data set WORK.ESTIMATE.
NOTE: There were 35 observations read from the data set WORK.MAP.
NOTE: The data set EMWS3.REG_EFFECTS has 9 observations and 11 variables.
NOTE: DATA statement used (Total process time):
      real time           0.13 seconds
      cpu time            0.03 seconds
      

11708  proc sort data =EMWS3.Reg_EFFECTS;
11709  by
11710  descending abstvalue;
11711  run;

NOTE: There were 9 observations read from the data set EMWS3.REG_EFFECTS.
NOTE: The data set EMWS3.REG_EFFECTS has 9 observations and 11 variables.
NOTE: PROCEDURE SORT used (Total process time):
      real time           0.20 seconds
      cpu time            0.00 seconds
      

11712  data EMWS3.Reg_EFFECTS;
11713  set EMWS3.Reg_EFFECTS;
11714  format TEffectNum 3.;
11715  label TEffectNum = "%sysfunc(sasmsg(sashelp.dmine, rpt_teffectnum_vlabel, NOQUOTE))";
11716  retain TEffectNum;
11717  TEffectNum = _N_;
11718  run;

NOTE: There were 9 observations read from the data set EMWS3.REG_EFFECTS.
NOTE: The data set EMWS3.REG_EFFECTS has 9 observations and 12 variables.
NOTE: DATA statement used (Total process time):
      real time           0.20 seconds
      cpu time            0.03 seconds
      

11719  proc sort data =EMWS3.Reg_EFFECTS;
11720  by
11721  descending absCoefficient;
11722  run;

NOTE: There were 9 observations read from the data set EMWS3.REG_EFFECTS.
NOTE: The data set EMWS3.REG_EFFECTS has 9 observations and 12 variables.
NOTE: PROCEDURE SORT used (Total process time):
      real time           0.17 seconds
      cpu time            0.00 seconds
      

11723  data EMWS3.Reg_EFFECTS;
11724  set EMWS3.Reg_EFFECTS;
11725  format EffectNum 3.;
11726  label EffectNum = "%sysfunc(sasmsg(sashelp.dmine, rpt_effectnum_vlabel, NOQUOTE))";
11727  retain EffectNum;
11728  EffectNum = _N_;
11729  run;

NOTE: There were 9 observations read from the data set EMWS3.REG_EFFECTS.
NOTE: The data set EMWS3.REG_EFFECTS has 9 observations and 13 variables.
NOTE: DATA statement used (Total process time):
      real time           0.18 seconds
      cpu time            0.00 seconds
      

11730  proc transpose data=EMWS3.Reg_EMESTIMATE out=EMWS3.Reg_ESTIMATEGRID(rename=(PARMS=Coefficient T=TValue _NAME_=Effect _LABEL_=EffectLabel));
11731  where _CHOSEN_ eq '' and _TYPE_ in('PARMS', 'T', 'P');
11732  var 'BOTHPAYM0'n--'UNTLANPO'n;
11733  by _STEP_;
11734  id _TYPE_;
11735  run;

NOTE: There were 42 observations read from the data set EMWS3.REG_EMESTIMATE.
      WHERE (_CHOSEN_=' ') and _TYPE_ in ('P', 'PARMS', 'T');
NOTE: The data set EMWS3.REG_ESTIMATEGRID has 490 observations and 6 variables.
NOTE: PROCEDURE TRANSPOSE used (Total process time):
      real time           0.14 seconds
      cpu time            0.01 seconds
      

11736  data EMWS3.Reg_ESTIMATEGRID;
11737  set EMWS3.Reg_ESTIMATEGRID;
11738  if EffectLabel eq '' then EffectLabel = Effect;
11739  label EffectLabel = "%sysfunc(sasmsg(sashelp.dmine, rpt_effectLabel_vlabel, NOQUOTE))" Effect = "%sysfunc(sasmsg(sashelp.dmine, rpt_effect_vlabel, NOQUOTE))" Abscoefficient = "%sysfunc(sasmsg(sashelp.dmine, rpt_abscoefficient_vlabel, NOQUOTE))"
11740     Coefficient = "%sysfunc(sasmsg(sashelp.dmine, rpt_coefficient_vlabel, NOQUOTE))" tvalue = "%sysfunc(sasmsg(sashelp.dmine, rpt_tvalue_vlabel,         NOQUOTE))" abstvalue = "%sysfunc(sasmsg(sashelp.dmine, rpt_absoluteTvalue_vlabel, NOQUOTE))"
11740! PValue =
11741     "%sysfunc(sasmsg(sashelp.dmine, rpt_pvalue_vlabel,         NOQUOTE))";
11742  AbsCoefficient = abs(Coefficient);
11743  AbsTValue = abs(TValue);
11744  where coefficient ne .;
11745  run;

NOTE: Variable PValue is uninitialized.
NOTE: There were 91 observations read from the data set EMWS3.REG_ESTIMATEGRID.
      WHERE coefficient not = .;
NOTE: The data set EMWS3.REG_ESTIMATEGRID has 91 observations and 8 variables.
NOTE: DATA statement used (Total process time):
      real time           0.21 seconds
      cpu time            0.03 seconds
      

