 
                                                                                                                                                                                                                                                                
 
 
Summary Statistics for Class Targets

Data=DATA

             Numeric    Formatted    Frequency
Variable      Value       Value        Count      Percent               Label

TargetBuy       0           0          16718      75.2284    Organics Purchase Indicator
TargetBuy       1           1           5505      24.7716    Organics Purchase Indicator


Data=TEST

             Numeric    Formatted    Frequency
Variable      Value       Value        Count      Percent               Label

TargetBuy       0           0           3858      75.2340    Organics Purchase Indicator
TargetBuy       1           1           1270      24.7660    Organics Purchase Indicator


Data=TRAIN

             Numeric    Formatted    Frequency
Variable      Value       Value        Count      Percent               Label

TargetBuy       0           0           8359      75.2250    Organics Purchase Indicator
TargetBuy       1           1           2753      24.7750    Organics Purchase Indicator


Data=VALIDATE

             Numeric    Formatted    Frequency
Variable      Value       Value        Count      Percent               Label

TargetBuy       0           0           4501      75.2298    Organics Purchase Indicator
TargetBuy       1           1           1482      24.7702    Organics Purchase Indicator
