*------------------------------------------------------------*
* Training Log
Date:                April 25, 2020
Time:                11:01:48
*------------------------------------------------------------*
11424  proc freq data=EMWS4.Part_VariableSet noprint;
11425  table ROLE*LEVEL/out=WORK.PartMETA;
11426  run;

NOTE: There were 13 observations read from the data set EMWS4.PART_VARIABLESET.
NOTE: The data set WORK.PARTMETA has 6 observations and 4 variables.
NOTE: PROCEDURE FREQ used (Total process time):
      real time           0.01 seconds
      cpu time            0.00 seconds
      

11427  proc print data=WORK.PartMETA label noobs;
11428  var ROLE LEVEL COUNT;
11429  label ROLE = "%sysfunc(sasmsg(sashelp.dmine, meta_role_vlabel, NOQUOTE))" LEVEL = "%sysfunc(sasmsg(sashelp.dmine, meta_level_vlabel, NOQUOTE))" COUNT = "%sysfunc(sasmsg(sashelp.dmine, rpt_count_vlabel, NOQUOTE))";
11430  title9 ' ';
11431  title10 "%sysfunc(sasmsg(sashelp.dmine, rpt_varSummary_title  , NOQUOTE))";
11432  run;

NOTE: There were 6 observations read from the data set WORK.PARTMETA.
NOTE: The PROCEDURE PRINT printed page 1.
NOTE: PROCEDURE PRINT used (Total process time):
      real time           0.00 seconds
      cpu time            0.00 seconds
      

11433  title10;

trainPct=50 validatePct=26.9230769230769 testPct=23.076923076923 
NOTE: View EMWS4.IDS_DATA.VIEW used (Total process time):
      real time           0.03 seconds
      cpu time            0.03 seconds
      
11441  *------------------------------------------------------------*;
11442  * Part: Retrieving stratification variable(s) levels;
11443  *------------------------------------------------------------*;
11444  proc freq data=EMWS4.Ids_DATA noprint;
11445  table
11446  TargetBuy
11447  /out=WORK.Part_FREQ(drop=percent);
11448  run;

NOTE: View EMWS4.IDS_DATA.VIEW used (Total process time):
      real time           0.05 seconds
      cpu time            0.04 seconds
      
NOTE: There were 22223 observations read from the data set DATA.ORGANICS.
NOTE: There were 22223 observations read from the data set EMWS4.IDS_DATA.
NOTE: The data set WORK.PART_FREQ has 2 observations and 2 variables.
NOTE: PROCEDURE FREQ used (Total process time):
      real time           0.05 seconds
      cpu time            0.06 seconds
      

11449  proc sort data=WORK.Part_FREQ;
11450  by descending count;
11451  run;

NOTE: There were 2 observations read from the data set WORK.PART_FREQ.
NOTE: The data set WORK.PART_FREQ has 2 observations and 2 variables.
NOTE: PROCEDURE SORT used (Total process time):
      real time           0.00 seconds
      cpu time            0.00 seconds
      

11452  * Part: Retrieving levels that meet minimum requirement;
11453  data WORK.Part_FREQ2(keep = count);
11454  set WORK.Part_FREQ;
11455  where (.01 * 50 * count) >= 3;
11456  run;

NOTE: There were 2 observations read from the data set WORK.PART_FREQ.
      WHERE (0.5*count)>=3;
NOTE: The data set WORK.PART_FREQ2 has 2 observations and 1 variables.
NOTE: DATA statement used (Total process time):
      real time           0.00 seconds
      cpu time            0.01 seconds
      

11457  *------------------------------------------------------------*;
11458  * Part: Create stratified partitioning;
11459  *------------------------------------------------------------*;
11460  data
11461  EMWS4.Part_TRAIN(label="")
11462  EMWS4.Part_VALIDATE(label="")
11463  EMWS4.Part_TEST(label="")
11464  ;
11465  retain _seed_ 12345;
11466  drop _seed_ _genvalue_;
11467  call ranuni(_seed_, _genvalue_);
11468  label _dataobs_ = "%sysfunc(sasmsg(sashelp.dmine, sample_dataobs_vlabel, NOQUOTE))";
11469  _dataobs_ = _N_;
11470  drop _c00:;
11471  set EMWS4.Ids_DATA;
11472  if
11473  TargetBuy = 0
11474  then do;
11475  if (16718+1-_C000004)*_genvalue_ <= (8359 - _C000001) then do;
11476  _C000001 + 1;
11477  output EMWS4.Part_TRAIN;
11478  end;
11479  else do;
11480  if (16718+1-_C000004)*_genvalue_ <= (8359 - _C000001 + 4501 - _C000002) then do;
11481  _C000002 + 1;
11482  output EMWS4.Part_VALIDATE;
11483  end;
11484  else do;
11485  _C000003 + 1;
11486  output EMWS4.Part_TEST;
11487  end;
11488  end;
11489  _C000004+1;
11490  end;
11491  else if
11492  TargetBuy = 1
11493  then do;
11494  if (5505+1-_C000008)*_genvalue_ <= (2753 - _C000005) then do;
11495  _C000005 + 1;
11496  output EMWS4.Part_TRAIN;
11497  end;
11498  else do;
11499  if (5505+1-_C000008)*_genvalue_ <= (2753 - _C000005 + 1482 - _C000006) then do;
11500  _C000006 + 1;
11501  output EMWS4.Part_VALIDATE;
11502  end;
11503  else do;
11504  _C000007 + 1;
11505  output EMWS4.Part_TEST;
11506  end;
11507  end;
11508  _C000008+1;
11509  end;
11510  run;

NOTE: View EMWS4.IDS_DATA.VIEW used (Total process time):
      real time           0.10 seconds
      cpu time            0.03 seconds
      
NOTE: There were 22223 observations read from the data set DATA.ORGANICS.
NOTE: There were 22223 observations read from the data set EMWS4.IDS_DATA.
NOTE: The data set EMWS4.PART_TRAIN has 11112 observations and 14 variables.
NOTE: The data set EMWS4.PART_VALIDATE has 5983 observations and 14 variables.
NOTE: The data set EMWS4.PART_TEST has 5128 observations and 14 variables.
NOTE: DATA statement used (Total process time):
      real time           1.87 seconds
      cpu time            0.04 seconds
      

11511  data _tempNobs;
11512  length Type $8 Table $32 Nobs 8;
11513  label type= "%sysfunc(sasmsg(sashelp.dmine, meta_type_vlabel,    NOQUOTE))" table = "%sysfunc(sasmsg(sashelp.dmine, meta_dataset_vlabel, NOQUOTE))" nobs = "%sysfunc(sasmsg(sashelp.dmine,  rpt_numObs_vlabel,   NOQUOTE))";
11514  type='DATA';
11515  table="EMWS4.Ids_DATA";
11516  Nobs=22223;
11517  output;
11518  type='TRAIN';
11519  table="EMWS4.Part_TRAIN";
11520  Nobs=11112;
11521  output;
11522  type='VALIDATE';
11523  table="EMWS4.Part_VALIDATE";
11524  Nobs=5983;
11525  output;
11526  type='TEST';
11527  table="EMWS4.Part_TEST";
11528  Nobs=5128;
11529  output;
11530  run;

NOTE: The data set WORK._TEMPNOBS has 4 observations and 3 variables.
NOTE: DATA statement used (Total process time):
      real time           0.00 seconds
      cpu time            0.00 seconds
      

11531  %let _cn = %sysfunc(getoption(CENTER));
11532  %let _nb = %sysfunc(getoption(NUMBER));
11533  options nonumber nocenter;
11534  proc print data=_tempNobs noobs label;
11535  title9 ' ';
11536  title10 "%sysfunc(sasmsg(sashelp.dmine, rpt_partitionSummary_title, NOQUOTE))";
11537  run;

NOTE: There were 4 observations read from the data set WORK._TEMPNOBS.
NOTE: The PROCEDURE PRINT printed page 2.
NOTE: PROCEDURE PRINT used (Total process time):
      real time           0.00 seconds
      cpu time            0.00 seconds
      

11538  title10;
11539  options &_cn &_nb;
11540  run;

