*------------------------------------------------------------*
* Training Log
Date:                April 25, 2020
Time:                23:25:44
*------------------------------------------------------------*
15207  proc freq data=EMWS5.EMCODE_VariableSet noprint;
15208  table ROLE*LEVEL/out=WORK.EMCODEMETA;
15209  run;

NOTE: There were 28 observations read from the data set EMWS5.EMCODE_VARIABLESET.
NOTE: The data set WORK.EMCODEMETA has 6 observations and 4 variables.
NOTE: PROCEDURE FREQ used (Total process time):
      real time           0.01 seconds
      cpu time            0.03 seconds
      

15210  proc print data=WORK.EMCODEMETA label noobs;
15211  var ROLE LEVEL COUNT;
15212  label ROLE = "%sysfunc(sasmsg(sashelp.dmine, meta_role_vlabel, NOQUOTE))" LEVEL = "%sysfunc(sasmsg(sashelp.dmine, meta_level_vlabel, NOQUOTE))" COUNT = "%sysfunc(sasmsg(sashelp.dmine, rpt_count_vlabel, NOQUOTE))";
15213  title9 ' ';
15214  title10 "%sysfunc(sasmsg(sashelp.dmine, rpt_varSummary_title  , NOQUOTE))";
15215  run;

NOTE: There were 6 observations read from the data set WORK.EMCODEMETA.
NOTE: The PROCEDURE PRINT printed page 1.
NOTE: PROCEDURE PRINT used (Total process time):
      real time           0.01 seconds
      cpu time            0.01 seconds
      

15216  title10;

15217  %let EMEXCEPTIONSTRING=;
15218  %let syscc = 0;
PERFORMANCE  DETAILS
15548  *------------------------------------------------------------*;
15549  * EMCODE: Generation of macros and macro variables;
15550  * To see the code generated, set the EM_DEBUG macro variable to SOURCE or _ALL_;
15551  *------------------------------------------------------------*;

15552  %let syscc = 0;
15553  %inc "\\apporto.com\dfs\UNCC\Users\skokse_uncc\Desktop\BIA-PROJECT\Predictive Analysis\Workspaces\EMWS5\EMCODE\EMTRAINCODE.sas";
NOTE: %INCLUDE (level 1) file \\apporto.com\dfs\UNCC\Users\skokse_uncc\Desktop\BIA-PROJECT\Predictive Analysis\Workspaces\EMWS5\EMCODE\EMTRAINCODE.sas is file \\apporto.com\dfs\UNCC\Users\skokse_uncc\Desktop\BIA-PROJECT\Predictive 
      Analysis\Workspaces\EMWS5\EMCODE\EMTRAINCODE.sas.
15554 +proc univariate data=data.PVA97NK NORMAL PLOT;
15555 +VAR GIFTCNTALL PROMCNTALL; RUN;

NOTE: The PROCEDURE UNIVARIATE printed pages 2-3.
NOTE: PROCEDURE UNIVARIATE used (Total process time):
      real time           0.12 seconds
      cpu time            0.03 seconds
      

15556 +
15557 +DATA SUBSET; SET DATA.CATALOG2010;
15558 +IF PROMCNTALL> (65+1.5*(65-29))THEN DELETE;
15559 +IF PROMCNTALL < (29-1.5*(65-29))THEN DELETE;
15560 +IF GIFTCNTALL>(15+1.5*(15-4)) THEN DELETE;
15561 +IF GIFTCNTALL<(4-1.5*(15-4)) THEN DELETE;
15562 +
15563 +RUN;

NOTE: Variable PROMCNTALL is uninitialized.
NOTE: Variable GIFTCNTALL is uninitialized.
NOTE: There were 48356 observations read from the data set DATA.CATALOG2010.
NOTE: The data set WORK.SUBSET has 0 observations and 100 variables.
NOTE: DATA statement used (Total process time):
      real time           1.52 seconds
      cpu time            0.03 seconds
      

15564 +proc univariate data=SUBSET NORMAL PLOT;
15565 +VAR GIFTCNTALL PROMCNTALL; RUN;

NOTE: No observations in data set WORK.SUBSET.
NOTE: PROCEDURE UNIVARIATE used (Total process time):
      real time           0.00 seconds
      cpu time            0.00 seconds
      

NOTE: %INCLUDE (level 1) ending.
15566  *------------------------------------------------------------*;
15567  * Close any missing semi colons;
15568  *------------------------------------------------------------*;
15569  ;
15570  ;
15571  ;
15572  ;
15573  quit;
15574  *------------------------------------------------------------*;
15575  * Close any unbalanced quotes;
15576  *------------------------------------------------------------*;
15577  /*; *"; *'; */
15578  ;
15579  run;
15580  quit;
15581  /* Reset EM Options */
15582  options formchar="|----|+|---+=|-/\<>*";
15583  options nocenter ls=256 ps=10000;
15584  goptions reset=all device=GIF NODISPLAY;

